#
# There is insufficient memory for the Java Runtime Environment to continue.
# Native memory allocation (mmap) failed to map 65536 bytes for Failed to commit metaspace.
# Possible reasons:
#   The system is out of physical RAM or swap space
#   The process is running with CompressedOops enabled, and the Java Heap may be blocking the growth of the native heap
# Possible solutions:
#   Reduce memory load on the system
#   Increase physical memory or swap space
#   Check if swap backing store is full
#   Decrease Java heap size (-Xmx/-Xms)
#   Decrease number of Java threads
#   Decrease Java thread stack sizes (-Xss)
#   Set larger code cache with -XX:ReservedCodeCacheSize=
#   JVM is running with Unscaled Compressed Oops mode in which the Java heap is
#     placed in the first 4GB address space. The Java Heap base address is the
#     maximum limit for the native heap growth. Please use -XX:HeapBaseMinAddress
#     to set the Java Heap base and to place the Java Heap above 4GB virtual address.
# This output file may be truncated or incomplete.
#
#  Out of Memory Error (virtualSpaceNode.cpp:110), pid=24276, tid=21444
#
# JRE version: OpenJDK Runtime Environment OpenLogic-OpenJDK (17.0.8+7) (build 17.0.8+7-adhoc..jdk17u)
# Java VM: OpenJDK 64-Bit Server VM OpenLogic-OpenJDK (17.0.8+7-adhoc..jdk17u, mixed mode, tiered, compressed oops, compressed class ptrs, g1 gc, windows-amd64)
# No core dump will be written. Minidumps are not enabled by default on client versions of Windows
#

---------------  S U M M A R Y ------------

Command Line: -Xmx64m -Xms64m -Dorg.gradle.appname=gradlew org.gradle.wrapper.GradleWrapperMain tasks

Host: Intel(R) Core(TM) i3-7100U CPU @ 2.40GHz, 4 cores, 11G,  Windows 10 , 64 bit Build 19041 (10.0.19041.3636)
Time: Thu Nov 30 09:09:32 2023 India Standard Time elapsed time: 182.771941 seconds (0d 0h 3m 2s)

---------------  T H R E A D  ---------------

Current thread (0x00000264eb636d30):  JavaThread "main" [_thread_in_vm, id=21444, stack(0x0000009fc4300000,0x0000009fc4400000)]

Stack: [0x0000009fc4300000,0x0000009fc4400000]
Native frames: (J=compiled Java code, j=interpreted, Vv=VM code, C=native code)
V  [jvm.dll+0x679dda]
V  [jvm.dll+0x8378c4]
V  [jvm.dll+0x83906e]
V  [jvm.dll+0x8396d3]
V  [jvm.dll+0x24775f]
V  [jvm.dll+0x83395b]
V  [jvm.dll+0x61e576]
V  [jvm.dll+0x61e5da]
V  [jvm.dll+0x620dfa]
V  [jvm.dll+0x61ef16]
V  [jvm.dll+0x628de7]
V  [jvm.dll+0x1ebd7b]
V  [jvm.dll+0x1ec2b5]
V  [jvm.dll+0x1eccef]
V  [jvm.dll+0x1e21a1]
V  [jvm.dll+0x540350]
V  [jvm.dll+0x1f2a77]
V  [jvm.dll+0x7b1b1b]
V  [jvm.dll+0x7b2ec2]
V  [jvm.dll+0x7b31f8]
V  [jvm.dll+0x23fa8e]
V  [jvm.dll+0x23fcdf]
V  [jvm.dll+0x55e4e8]
V  [jvm.dll+0x561397]
V  [jvm.dll+0x385c74]
V  [jvm.dll+0x3852df]
C  0x00000264f773a459

Java frames: (J=compiled Java code, j=interpreted, Vv=VM code)
j  java.time.temporal.ChronoField.<clinit>()V+20 java.base@17.0.8
v  ~StubRoutines::call_stub
j  java.time.LocalDate.of(III)Ljava/time/LocalDate;+0 java.base@17.0.8
j  java.time.LocalDate.<clinit>()V+5 java.base@17.0.8
v  ~StubRoutines::call_stub
j  java.time.LocalDateTime.<clinit>()V+0 java.base@17.0.8
v  ~StubRoutines::call_stub
j  java.time.zone.ZoneOffsetTransition.<init>(JLjava/time/ZoneOffset;Ljava/time/ZoneOffset;)V+13 java.base@17.0.8
j  java.time.zone.ZoneRules.<init>([J[Ljava/time/ZoneOffset;[J[Ljava/time/ZoneOffset;[Ljava/time/zone/ZoneOffsetTransitionRule;)V+104 java.base@17.0.8
j  java.time.zone.ZoneRules.readExternal(Ljava/io/DataInput;)Ljava/time/zone/ZoneRules;+272 java.base@17.0.8
j  java.time.zone.Ser.readInternal(BLjava/io/DataInput;)Ljava/io/Serializable;+29 java.base@17.0.8
j  java.time.zone.Ser.read(Ljava/io/DataInput;)Ljava/io/Serializable;+9 java.base@17.0.8
j  java.time.zone.TzdbZoneRulesProvider.provideRules(Ljava/lang/String;Z)Ljava/time/zone/ZoneRules;+75 java.base@17.0.8
j  java.time.zone.ZoneRulesProvider.getRules(Ljava/lang/String;Z)Ljava/time/zone/ZoneRules;+13 java.base@17.0.8
j  java.time.ZoneRegion.ofId(Ljava/lang/String;Z)Ljava/time/ZoneRegion;+15 java.base@17.0.8
j  java.time.ZoneId.of(Ljava/lang/String;Z)Ljava/time/ZoneId;+81 java.base@17.0.8
j  java.time.ZoneId.of(Ljava/lang/String;)Ljava/time/ZoneId;+2 java.base@17.0.8
j  java.time.ZoneId.of(Ljava/lang/String;Ljava/util/Map;)Ljava/time/ZoneId;+33 java.base@17.0.8
j  java.util.TimeZone.toZoneId0()Ljava/time/ZoneId;+97 java.base@17.0.8
j  java.util.TimeZone.toZoneId()Ljava/time/ZoneId;+11 java.base@17.0.8
j  java.util.TimeZone.toZoneId0()Ljava/time/ZoneId;+30 java.base@17.0.8
j  java.util.TimeZone.toZoneId()Ljava/time/ZoneId;+11 java.base@17.0.8
j  sun.util.cldr.CLDRTimeZoneNameProviderImpl.getDisplayNameArray(Ljava/lang/String;Ljava/util/Locale;)[Ljava/lang/String;+153 java.base@17.0.8
j  sun.util.locale.provider.TimeZoneNameProviderImpl.getDisplayName(Ljava/lang/String;ZILjava/util/Locale;)Ljava/lang/String;+4 java.base@17.0.8
j  sun.util.locale.provider.TimeZoneNameUtility$TimeZoneNameGetter.getName(Ljava/util/spi/TimeZoneNameProvider;Ljava/util/Locale;Ljava/lang/String;ILjava/lang/String;)Ljava/lang/String;+126 java.base@17.0.8
j  sun.util.locale.provider.TimeZoneNameUtility$TimeZoneNameGetter.getObject(Ljava/util/spi/TimeZoneNameProvider;Ljava/util/Locale;Ljava/lang/String;[Ljava/lang/Object;)Ljava/lang/String;+49 java.base@17.0.8
j  sun.util.locale.provider.TimeZoneNameUtility$TimeZoneNameGetter.getObject(Ljava/util/spi/LocaleServiceProvider;Ljava/util/Locale;Ljava/lang/String;[Ljava/lang/Object;)Ljava/lang/Object;+9 java.base@17.0.8
j  sun.util.locale.provider.LocaleServiceProviderPool.getLocalizedObjectImpl(Lsun/util/locale/provider/LocaleServiceProviderPool$LocalizedObjectGetter;Ljava/util/Locale;ZLjava/lang/String;[Ljava/lang/Object;)Ljava/lang/Object;+93 java.base@17.0.8
j  sun.util.locale.provider.LocaleServiceProviderPool.getLocalizedObject(Lsun/util/locale/provider/LocaleServiceProviderPool$LocalizedObjectGetter;Ljava/util/Locale;Ljava/lang/String;[Ljava/lang/Object;)Ljava/lang/Object;+7 java.base@17.0.8
j  sun.util.locale.provider.TimeZoneNameUtility.retrieveDisplayNamesImpl(Ljava/lang/String;Ljava/util/Locale;)[Ljava/lang/String;+140 java.base@17.0.8
j  sun.util.locale.provider.TimeZoneNameUtility.retrieveDisplayName(Ljava/lang/String;ZILjava/util/Locale;)Ljava/lang/String;+2 java.base@17.0.8
j  java.util.TimeZone.getDisplayName(ZILjava/util/Locale;)Ljava/lang/String;+47 java.base@17.0.8
j  java.util.Date.toString()Ljava/lang/String;+150 java.base@17.0.8
j  java.lang.String.valueOf(Ljava/lang/Object;)Ljava/lang/String;+11 java.base@17.0.8
j  java.lang.StringBuilder.append(Ljava/lang/Object;)Ljava/lang/StringBuilder;+2 java.base@17.0.8
j  org.gradle.launcher.daemon.client.DefaultDaemonConnector.handleStopEvents(Ljava/util/Collection;Ljava/util/Collection;)V+107
j  org.gradle.launcher.daemon.client.DefaultDaemonConnector.connect(Lorg/gradle/api/internal/specs/ExplainingSpec;)Lorg/gradle/launcher/daemon/client/DaemonClientConnection;+71
j  org.gradle.launcher.daemon.client.DaemonClient.execute(Lorg/gradle/internal/invocation/BuildAction;Lorg/gradle/launcher/exec/BuildActionParameters;Lorg/gradle/initialization/BuildRequestContext;)Lorg/gradle/launcher/exec/BuildActionResult;+62
j  org.gradle.launcher.daemon.client.DaemonClient.execute(Lorg/gradle/internal/invocation/BuildAction;Ljava/lang/Object;Ljava/lang/Object;)Lorg/gradle/launcher/exec/BuildActionResult;+10
j  org.gradle.launcher.cli.RunBuildAction.run()V+74
j  org.gradle.internal.Actions$RunnableActionAdapter.execute(Ljava/lang/Object;)V+4
j  org.gradle.launcher.cli.DefaultCommandLineActionFactory$ParseAndBuildAction.execute(Lorg/gradle/launcher/bootstrap/ExecutionListener;)V+60
j  org.gradle.launcher.cli.DefaultCommandLineActionFactory$ParseAndBuildAction.execute(Ljava/lang/Object;)V+5
j  org.gradle.launcher.cli.DebugLoggerWarningAction.execute(Lorg/gradle/launcher/bootstrap/ExecutionListener;)V+9
j  org.gradle.launcher.cli.DebugLoggerWarningAction.execute(Ljava/lang/Object;)V+5
j  org.gradle.launcher.cli.WelcomeMessageAction.execute(Lorg/gradle/launcher/bootstrap/ExecutionListener;)V+218
j  org.gradle.launcher.cli.WelcomeMessageAction.execute(Ljava/lang/Object;)V+5
j  org.gradle.launcher.cli.NativeServicesInitializingAction.execute(Lorg/gradle/launcher/bootstrap/ExecutionListener;)V+35
j  org.gradle.launcher.cli.NativeServicesInitializingAction.execute(Ljava/lang/Object;)V+5
j  org.gradle.launcher.cli.ExceptionReportingAction.execute(Lorg/gradle/launcher/bootstrap/ExecutionListener;)V+5
j  org.gradle.launcher.cli.ExceptionReportingAction.execute(Ljava/lang/Object;)V+5
j  org.gradle.launcher.cli.DefaultCommandLineActionFactory$WithLogging.execute(Lorg/gradle/launcher/bootstrap/ExecutionListener;)V+299
j  org.gradle.launcher.Main.doAction([Ljava/lang/String;Lorg/gradle/launcher/bootstrap/ExecutionListener;)V+14
j  org.gradle.launcher.bootstrap.EntryPoint.run([Ljava/lang/String;)V+12
v  ~StubRoutines::call_stub
j  jdk.internal.reflect.NativeMethodAccessorImpl.invoke0(Ljava/lang/reflect/Method;Ljava/lang/Object;[Ljava/lang/Object;)Ljava/lang/Object;+0 java.base@17.0.8
j  jdk.internal.reflect.NativeMethodAccessorImpl.invoke(Ljava/lang/Object;[Ljava/lang/Object;)Ljava/lang/Object;+133 java.base@17.0.8
j  jdk.internal.reflect.DelegatingMethodAccessorImpl.invoke(Ljava/lang/Object;[Ljava/lang/Object;)Ljava/lang/Object;+6 java.base@17.0.8
j  java.lang.reflect.Method.invoke(Ljava/lang/Object;[Ljava/lang/Object;)Ljava/lang/Object;+59 java.base@17.0.8
j  org.gradle.launcher.bootstrap.ProcessBootstrap.runNoExit(Ljava/lang/String;[Ljava/lang/String;)V+159
j  org.gradle.launcher.bootstrap.ProcessBootstrap.run(Ljava/lang/String;[Ljava/lang/String;)V+2
v  ~StubRoutines::call_stub
j  jdk.internal.reflect.NativeMethodAccessorImpl.invoke0(Ljava/lang/reflect/Method;Ljava/lang/Object;[Ljava/lang/Object;)Ljava/lang/Object;+0 java.base@17.0.8
j  jdk.internal.reflect.NativeMethodAccessorImpl.invoke(Ljava/lang/Object;[Ljava/lang/Object;)Ljava/lang/Object;+133 java.base@17.0.8
j  jdk.internal.reflect.DelegatingMethodAccessorImpl.invoke(Ljava/lang/Object;[Ljava/lang/Object;)Ljava/lang/Object;+6 java.base@17.0.8
j  java.lang.reflect.Method.invoke(Ljava/lang/Object;[Ljava/lang/Object;)Ljava/lang/Object;+59 java.base@17.0.8
j  org.gradle.launcher.GradleMain.main([Ljava/lang/String;)V+100
v  ~StubRoutines::call_stub
j  jdk.internal.reflect.NativeMethodAccessorImpl.invoke0(Ljava/lang/reflect/Method;Ljava/lang/Object;[Ljava/lang/Object;)Ljava/lang/Object;+0 java.base@17.0.8
j  jdk.internal.reflect.NativeMethodAccessorImpl.invoke(Ljava/lang/Object;[Ljava/lang/Object;)Ljava/lang/Object;+133 java.base@17.0.8
j  jdk.internal.reflect.DelegatingMethodAccessorImpl.invoke(Ljava/lang/Object;[Ljava/lang/Object;)Ljava/lang/Object;+6 java.base@17.0.8
j  java.lang.reflect.Method.invoke(Ljava/lang/Object;[Ljava/lang/Object;)Ljava/lang/Object;+59 java.base@17.0.8
j  org.gradle.wrapper.BootstrapMainStarter.start([Ljava/lang/String;Ljava/io/File;)V+105
j  org.gradle.wrapper.WrapperExecutor.execute([Ljava/lang/String;Lorg/gradle/wrapper/Install;Lorg/gradle/wrapper/BootstrapMainStarter;)V+14
j  org.gradle.wrapper.GradleWrapperMain.main([Ljava/lang/String;)V+206
v  ~StubRoutines::call_stub

---------------  P R O C E S S  ---------------

Threads class SMR info:
_java_thread_list=0x0000026482ecac40, length=13, elements={
0x00000264eb636d30, 0x000002648214a740, 0x000002648214b5c0, 0x000002648218a130,
0x000002648218afb0, 0x000002648218ebf0, 0x000002648218f5b0, 0x00000264821902a0,
0x00000264821ee810, 0x00000264821ef5c0, 0x00000264823795f0, 0x0000026482391bc0,
0x00000264823b7390
}

Java Threads: ( => current thread )
=>0x00000264eb636d30 JavaThread "main" [_thread_in_vm, id=21444, stack(0x0000009fc4300000,0x0000009fc4400000)]
  0x000002648214a740 JavaThread "Reference Handler" daemon [_thread_blocked, id=25940, stack(0x0000009fc4a00000,0x0000009fc4b00000)]
  0x000002648214b5c0 JavaThread "Finalizer" daemon [_thread_blocked, id=25944, stack(0x0000009fc4b00000,0x0000009fc4c00000)]
  0x000002648218a130 JavaThread "Signal Dispatcher" daemon [_thread_blocked, id=26108, stack(0x0000009fc4c00000,0x0000009fc4d00000)]
  0x000002648218afb0 JavaThread "Attach Listener" daemon [_thread_blocked, id=26112, stack(0x0000009fc4d00000,0x0000009fc4e00000)]
  0x000002648218ebf0 JavaThread "Service Thread" daemon [_thread_blocked, id=26116, stack(0x0000009fc4e00000,0x0000009fc4f00000)]
  0x000002648218f5b0 JavaThread "Monitor Deflation Thread" daemon [_thread_blocked, id=26120, stack(0x0000009fc4f00000,0x0000009fc5000000)]
  0x00000264821902a0 JavaThread "C2 CompilerThread0" daemon [_thread_blocked, id=26124, stack(0x0000009fc5000000,0x0000009fc5100000)]
  0x00000264821ee810 JavaThread "C1 CompilerThread0" daemon [_thread_blocked, id=26236, stack(0x0000009fc5100000,0x0000009fc5200000)]
  0x00000264821ef5c0 JavaThread "Sweeper thread" daemon [_thread_blocked, id=26344, stack(0x0000009fc5200000,0x0000009fc5300000)]
  0x00000264823795f0 JavaThread "Notification Thread" daemon [_thread_blocked, id=18384, stack(0x0000009fc5300000,0x0000009fc5400000)]
  0x0000026482391bc0 JavaThread "Common-Cleaner" daemon [_thread_blocked, id=1844, stack(0x0000009fc5500000,0x0000009fc5600000)]
  0x00000264823b7390 JavaThread "pool-1-thread-1" [_thread_blocked, id=30396, stack(0x0000009fc5700000,0x0000009fc5800000)]

Other Threads:
  0x00000264820f75f0 VMThread "VM Thread" [stack: 0x0000009fc4900000,0x0000009fc4a00000] [id=25788]
  0x0000026482379ad0 WatcherThread [stack: 0x0000009fc5400000,0x0000009fc5500000] [id=21616]
  0x00000264eb657790 GCTaskThread "GC Thread#0" [stack: 0x0000009fc4400000,0x0000009fc4500000] [id=4796]
  0x000002648278e780 GCTaskThread "GC Thread#1" [stack: 0x0000009fc4100000,0x0000009fc4200000] [id=20880]
  0x00000264827e6940 GCTaskThread "GC Thread#2" [stack: 0x0000009fc4200000,0x0000009fc4300000] [id=14272]
  0x0000026482626e60 GCTaskThread "GC Thread#3" [stack: 0x0000009fc5600000,0x0000009fc5700000] [id=17868]
  0x00000264eb658ee0 ConcurrentGCThread "G1 Main Marker" [stack: 0x0000009fc4500000,0x0000009fc4600000] [id=20032]
  0x00000264eb6598f0 ConcurrentGCThread "G1 Conc#0" [stack: 0x0000009fc4600000,0x0000009fc4700000] [id=10552]
  0x00000264eb6a6270 ConcurrentGCThread "G1 Refine#0" [stack: 0x0000009fc4700000,0x0000009fc4800000] [id=15384]
  0x00000264eb6a6ca0 ConcurrentGCThread "G1 Service" [stack: 0x0000009fc4800000,0x0000009fc4900000] [id=16996]

Threads with active compile tasks:

VM state: not at safepoint (normal execution)

VM Mutex/Monitor currently owned by a thread:  ([mutex/lock_event])
[0x00000264eb630800] Metaspace_lock - owner thread: 0x00000264eb636d30

Heap address: 0x00000000fc000000, size: 64 MB, Compressed Oops mode: 32-bit

CDS archive(s) not mapped
Compressed class space mapped at: 0x0000000100000000-0x0000000140000000, reserved size: 1073741824
Narrow klass base: 0x0000000000000000, Narrow klass shift: 3, Narrow klass range: 0x140000000

GC Precious Log:
 CPUs: 4 total, 4 available
 Memory: 12151M
 Large Page Support: Disabled
 NUMA Support: Disabled
 Compressed Oops: Enabled (32-bit)
 Heap Region Size: 1M
 Heap Min Capacity: 64M
 Heap Initial Capacity: 64M
 Heap Max Capacity: 64M
 Pre-touch: Disabled
 Parallel Workers: 4
 Concurrent Workers: 1
 Concurrent Refinement Workers: 4
 Periodic GC: Disabled

Heap:
 garbage-first heap   total 65536K, used 17952K [0x00000000fc000000, 0x0000000100000000)
  region size 1024K, 11 young (11264K), 3 survivors (3072K)
 Metaspace       used 14403K, committed 14528K, reserved 1114112K
  class space    used 1736K, committed 1792K, reserved 1048576K

Heap Regions: E=young(eden), S=young(survivor), O=old, HS=humongous(starts), HC=humongous(continues), CS=collection set, F=free, OA=open archive, CA=closed archive, TAMS=top-at-mark-start (previous, next)
|   0|0x00000000fc000000, 0x00000000fc100000, 0x00000000fc100000|100%| O|  |TAMS 0x00000000fc000000, 0x00000000fc000000| Untracked 
|   1|0x00000000fc100000, 0x00000000fc200000, 0x00000000fc200000|100%| O|  |TAMS 0x00000000fc100000, 0x00000000fc100000| Untracked 
|   2|0x00000000fc200000, 0x00000000fc300000, 0x00000000fc300000|100%|HS|  |TAMS 0x00000000fc200000, 0x00000000fc200000| Complete 
|   3|0x00000000fc300000, 0x00000000fc400000, 0x00000000fc400000|100%|HC|  |TAMS 0x00000000fc300000, 0x00000000fc300000| Complete 
|   4|0x00000000fc400000, 0x00000000fc500000, 0x00000000fc500000|100%|HC|  |TAMS 0x00000000fc400000, 0x00000000fc400000| Complete 
|   5|0x00000000fc500000, 0x00000000fc600000, 0x00000000fc600000|100%|HC|  |TAMS 0x00000000fc500000, 0x00000000fc500000| Complete 
|   6|0x00000000fc600000, 0x00000000fc700000, 0x00000000fc700000|100%| O|  |TAMS 0x00000000fc600000, 0x00000000fc600000| Untracked 
|   7|0x00000000fc700000, 0x00000000fc788000, 0x00000000fc800000| 53%| O|  |TAMS 0x00000000fc700000, 0x00000000fc700000| Untracked 
|   8|0x00000000fc800000, 0x00000000fc800000, 0x00000000fc900000|  0%| F|  |TAMS 0x00000000fc800000, 0x00000000fc800000| Untracked 
|   9|0x00000000fc900000, 0x00000000fc900000, 0x00000000fca00000|  0%| F|  |TAMS 0x00000000fc900000, 0x00000000fc900000| Untracked 
|  10|0x00000000fca00000, 0x00000000fca00000, 0x00000000fcb00000|  0%| F|  |TAMS 0x00000000fca00000, 0x00000000fca00000| Untracked 
|  11|0x00000000fcb00000, 0x00000000fcb00000, 0x00000000fcc00000|  0%| F|  |TAMS 0x00000000fcb00000, 0x00000000fcb00000| Untracked 
|  12|0x00000000fcc00000, 0x00000000fcc00000, 0x00000000fcd00000|  0%| F|  |TAMS 0x00000000fcc00000, 0x00000000fcc00000| Untracked 
|  13|0x00000000fcd00000, 0x00000000fcd00000, 0x00000000fce00000|  0%| F|  |TAMS 0x00000000fcd00000, 0x00000000fcd00000| Untracked 
|  14|0x00000000fce00000, 0x00000000fce00000, 0x00000000fcf00000|  0%| F|  |TAMS 0x00000000fce00000, 0x00000000fce00000| Untracked 
|  15|0x00000000fcf00000, 0x00000000fcf00000, 0x00000000fd000000|  0%| F|  |TAMS 0x00000000fcf00000, 0x00000000fcf00000| Untracked 
|  16|0x00000000fd000000, 0x00000000fd000000, 0x00000000fd100000|  0%| F|  |TAMS 0x00000000fd000000, 0x00000000fd000000| Untracked 
|  17|0x00000000fd100000, 0x00000000fd100000, 0x00000000fd200000|  0%| F|  |TAMS 0x00000000fd100000, 0x00000000fd100000| Untracked 
|  18|0x00000000fd200000, 0x00000000fd200000, 0x00000000fd300000|  0%| F|  |TAMS 0x00000000fd200000, 0x00000000fd200000| Untracked 
|  19|0x00000000fd300000, 0x00000000fd300000, 0x00000000fd400000|  0%| F|  |TAMS 0x00000000fd300000, 0x00000000fd300000| Untracked 
|  20|0x00000000fd400000, 0x00000000fd400000, 0x00000000fd500000|  0%| F|  |TAMS 0x00000000fd400000, 0x00000000fd400000| Untracked 
|  21|0x00000000fd500000, 0x00000000fd500000, 0x00000000fd600000|  0%| F|  |TAMS 0x00000000fd500000, 0x00000000fd500000| Untracked 
|  22|0x00000000fd600000, 0x00000000fd600000, 0x00000000fd700000|  0%| F|  |TAMS 0x00000000fd600000, 0x00000000fd600000| Untracked 
|  23|0x00000000fd700000, 0x00000000fd700000, 0x00000000fd800000|  0%| F|  |TAMS 0x00000000fd700000, 0x00000000fd700000| Untracked 
|  24|0x00000000fd800000, 0x00000000fd800000, 0x00000000fd900000|  0%| F|  |TAMS 0x00000000fd800000, 0x00000000fd800000| Untracked 
|  25|0x00000000fd900000, 0x00000000fd900000, 0x00000000fda00000|  0%| F|  |TAMS 0x00000000fd900000, 0x00000000fd900000| Untracked 
|  26|0x00000000fda00000, 0x00000000fda00000, 0x00000000fdb00000|  0%| F|  |TAMS 0x00000000fda00000, 0x00000000fda00000| Untracked 
|  27|0x00000000fdb00000, 0x00000000fdb00000, 0x00000000fdc00000|  0%| F|  |TAMS 0x00000000fdb00000, 0x00000000fdb00000| Untracked 
|  28|0x00000000fdc00000, 0x00000000fdc00000, 0x00000000fdd00000|  0%| F|  |TAMS 0x00000000fdc00000, 0x00000000fdc00000| Untracked 
|  29|0x00000000fdd00000, 0x00000000fdd00000, 0x00000000fde00000|  0%| F|  |TAMS 0x00000000fdd00000, 0x00000000fdd00000| Untracked 
|  30|0x00000000fde00000, 0x00000000fde00000, 0x00000000fdf00000|  0%| F|  |TAMS 0x00000000fde00000, 0x00000000fde00000| Untracked 
|  31|0x00000000fdf00000, 0x00000000fdf00000, 0x00000000fe000000|  0%| F|  |TAMS 0x00000000fdf00000, 0x00000000fdf00000| Untracked 
|  32|0x00000000fe000000, 0x00000000fe000000, 0x00000000fe100000|  0%| F|  |TAMS 0x00000000fe000000, 0x00000000fe000000| Untracked 
|  33|0x00000000fe100000, 0x00000000fe100000, 0x00000000fe200000|  0%| F|  |TAMS 0x00000000fe100000, 0x00000000fe100000| Untracked 
|  34|0x00000000fe200000, 0x00000000fe200000, 0x00000000fe300000|  0%| F|  |TAMS 0x00000000fe200000, 0x00000000fe200000| Untracked 
|  35|0x00000000fe300000, 0x00000000fe300000, 0x00000000fe400000|  0%| F|  |TAMS 0x00000000fe300000, 0x00000000fe300000| Untracked 
|  36|0x00000000fe400000, 0x00000000fe400000, 0x00000000fe500000|  0%| F|  |TAMS 0x00000000fe400000, 0x00000000fe400000| Untracked 
|  37|0x00000000fe500000, 0x00000000fe500000, 0x00000000fe600000|  0%| F|  |TAMS 0x00000000fe500000, 0x00000000fe500000| Untracked 
|  38|0x00000000fe600000, 0x00000000fe600000, 0x00000000fe700000|  0%| F|  |TAMS 0x00000000fe600000, 0x00000000fe600000| Untracked 
|  39|0x00000000fe700000, 0x00000000fe700000, 0x00000000fe800000|  0%| F|  |TAMS 0x00000000fe700000, 0x00000000fe700000| Untracked 
|  40|0x00000000fe800000, 0x00000000fe800000, 0x00000000fe900000|  0%| F|  |TAMS 0x00000000fe800000, 0x00000000fe800000| Untracked 
|  41|0x00000000fe900000, 0x00000000fe900000, 0x00000000fea00000|  0%| F|  |TAMS 0x00000000fe900000, 0x00000000fe900000| Untracked 
|  42|0x00000000fea00000, 0x00000000fea00000, 0x00000000feb00000|  0%| F|  |TAMS 0x00000000fea00000, 0x00000000fea00000| Untracked 
|  43|0x00000000feb00000, 0x00000000feb00000, 0x00000000fec00000|  0%| F|  |TAMS 0x00000000feb00000, 0x00000000feb00000| Untracked 
|  44|0x00000000fec00000, 0x00000000fed00000, 0x00000000fed00000|100%| S|CS|TAMS 0x00000000fec00000, 0x00000000fec00000| Complete 
|  45|0x00000000fed00000, 0x00000000fee00000, 0x00000000fee00000|100%| S|CS|TAMS 0x00000000fed00000, 0x00000000fed00000| Complete 
|  46|0x00000000fee00000, 0x00000000fef00000, 0x00000000fef00000|100%| S|CS|TAMS 0x00000000fee00000, 0x00000000fee00000| Complete 
|  47|0x00000000fef00000, 0x00000000fef00000, 0x00000000ff000000|  0%| F|  |TAMS 0x00000000fef00000, 0x00000000fef00000| Untracked 
|  48|0x00000000ff000000, 0x00000000ff000000, 0x00000000ff100000|  0%| F|  |TAMS 0x00000000ff000000, 0x00000000ff000000| Untracked 
|  49|0x00000000ff100000, 0x00000000ff100000, 0x00000000ff200000|  0%| F|  |TAMS 0x00000000ff100000, 0x00000000ff100000| Untracked 
|  50|0x00000000ff200000, 0x00000000ff200000, 0x00000000ff300000|  0%| F|  |TAMS 0x00000000ff200000, 0x00000000ff200000| Untracked 
|  51|0x00000000ff300000, 0x00000000ff300000, 0x00000000ff400000|  0%| F|  |TAMS 0x00000000ff300000, 0x00000000ff300000| Untracked 
|  52|0x00000000ff400000, 0x00000000ff400000, 0x00000000ff500000|  0%| F|  |TAMS 0x00000000ff400000, 0x00000000ff400000| Untracked 
|  53|0x00000000ff500000, 0x00000000ff500000, 0x00000000ff600000|  0%| F|  |TAMS 0x00000000ff500000, 0x00000000ff500000| Untracked 
|  54|0x00000000ff600000, 0x00000000ff600000, 0x00000000ff700000|  0%| F|  |TAMS 0x00000000ff600000, 0x00000000ff600000| Untracked 
|  55|0x00000000ff700000, 0x00000000ff700000, 0x00000000ff800000|  0%| F|  |TAMS 0x00000000ff700000, 0x00000000ff700000| Untracked 
|  56|0x00000000ff800000, 0x00000000ff879a58, 0x00000000ff900000| 47%| E|  |TAMS 0x00000000ff800000, 0x00000000ff800000| Complete 
|  57|0x00000000ff900000, 0x00000000ffa00000, 0x00000000ffa00000|100%| E|CS|TAMS 0x00000000ff900000, 0x00000000ff900000| Complete 
|  58|0x00000000ffa00000, 0x00000000ffb00000, 0x00000000ffb00000|100%| E|CS|TAMS 0x00000000ffa00000, 0x00000000ffa00000| Complete 
|  59|0x00000000ffb00000, 0x00000000ffc00000, 0x00000000ffc00000|100%| E|CS|TAMS 0x00000000ffb00000, 0x00000000ffb00000| Complete 
|  60|0x00000000ffc00000, 0x00000000ffd00000, 0x00000000ffd00000|100%| E|CS|TAMS 0x00000000ffc00000, 0x00000000ffc00000| Complete 
|  61|0x00000000ffd00000, 0x00000000ffe00000, 0x00000000ffe00000|100%| E|CS|TAMS 0x00000000ffd00000, 0x00000000ffd00000| Complete 
|  62|0x00000000ffe00000, 0x00000000fff00000, 0x00000000fff00000|100%| E|CS|TAMS 0x00000000ffe00000, 0x00000000ffe00000| Complete 
|  63|0x00000000fff00000, 0x0000000100000000, 0x0000000100000000|100%| E|CS|TAMS 0x00000000fff00000, 0x00000000fff00000| Complete 

Card table byte_map: [0x00000264ff840000,0x00000264ff860000] _byte_map_base: 0x00000264ff060000

Marking Bits (Prev, Next): (CMBitMap*) 0x00000264eb657db0, (CMBitMap*) 0x00000264eb657df0
 Prev Bits: [0x00000264ff880000, 0x00000264ff980000)
 Next Bits: [0x00000264ff980000, 0x00000264ffa80000)

Polling page: 0x00000264eb700000

Metaspace:

Usage:
  Non-class:     12.37 MB used.
      Class:      1.70 MB used.
       Both:     14.07 MB used.

Virtual space:
  Non-class space:       64.00 MB reserved,      12.44 MB ( 19%) committed,  1 nodes.
      Class space:        1.00 GB reserved,       1.75 MB ( <1%) committed,  1 nodes.
             Both:        1.06 GB reserved,      14.19 MB (  1%) committed. 

Chunk freelists:
   Non-Class:  2.96 MB
       Class:  14.26 MB
        Both:  17.23 MB

MaxMetaspaceSize: unlimited
CompressedClassSpaceSize: 1.00 GB
Initial GC threshold: 21.00 MB
Current GC threshold: 21.00 MB
CDS: off
MetaspaceReclaimPolicy: balanced
 - commit_granule_bytes: 65536.
 - commit_granule_words: 8192.
 - virtual_space_node_default_size: 8388608.
 - enlarge_chunks_in_place: 1.
 - new_chunks_are_fully_committed: 0.
 - uncommit_free_chunks: 1.
 - use_allocation_guard: 0.
 - handle_deallocations: 1.


Internal statistics:

num_allocs_failed_limit: 0.
num_arena_births: 74.
num_arena_deaths: 0.
num_vsnodes_births: 2.
num_vsnodes_deaths: 0.
num_space_committed: 227.
num_space_uncommitted: 0.
num_chunks_returned_to_freelist: 0.
num_chunks_taken_from_freelist: 277.
num_chunk_merges: 0.
num_chunk_splits: 180.
num_chunks_enlarged: 146.
num_inconsistent_stats: 0.

CodeHeap 'non-profiled nmethods': size=120000Kb used=496Kb max_used=496Kb free=119503Kb
 bounds [0x00000264f7cc0000, 0x00000264f7f30000, 0x00000264ff1f0000]
CodeHeap 'profiled nmethods': size=120000Kb used=2456Kb max_used=2456Kb free=117543Kb
 bounds [0x00000264f01f0000, 0x00000264f0460000, 0x00000264f7720000]
CodeHeap 'non-nmethods': size=5760Kb used=1161Kb max_used=1186Kb free=4598Kb
 bounds [0x00000264f7720000, 0x00000264f7990000, 0x00000264f7cc0000]
 total_blobs=1720 nmethods=1262 adapters=371
 compilation: enabled
              stopped_count=0, restarted_count=0
 full_count=0

Compilation events (20 events):
Event: 182.257 Thread 0x00000264821902a0 nmethod 1254 0x00000264f7d39010 code [0x00000264f7d391a0, 0x00000264f7d39488]
Event: 182.754 Thread 0x00000264821902a0 1256       4       java.io.DataInputStream::readUTF (501 bytes)
Event: 182.756 Thread 0x00000264821ee810 1257       3       java.util.Arrays$ArrayItr::next (36 bytes)
Event: 182.756 Thread 0x00000264821ee810 nmethod 1257 0x00000264f0453590 code [0x00000264f0453740, 0x00000264f0453988]
Event: 182.757 Thread 0x00000264821ee810 1258       3       java.util.concurrent.ConcurrentHashMap$KeyIterator::next (34 bytes)
Event: 182.758 Thread 0x00000264821ee810 nmethod 1258 0x00000264f0453a90 code [0x00000264f0453c40, 0x00000264f0453ef8]
Event: 182.758 Thread 0x00000264821ee810 1259       3       java.util.Optional::empty (6 bytes)
Event: 182.758 Thread 0x00000264821ee810 nmethod 1259 0x00000264f0454010 code [0x00000264f04541a0, 0x00000264f0454298]
Event: 182.758 Thread 0x00000264821ee810 1260       3       jdk.internal.module.SystemModuleFinders$SystemImage::reader (4 bytes)
Event: 182.758 Thread 0x00000264821ee810 nmethod 1260 0x00000264f0454310 code [0x00000264f04544a0, 0x00000264f0454598]
Event: 182.758 Thread 0x00000264821ee810 1261       3       jdk.internal.jimage.ImageReader::requireOpen (18 bytes)
Event: 182.758 Thread 0x00000264821ee810 nmethod 1261 0x00000264f0454610 code [0x00000264f04547c0, 0x00000264f04549e8]
Event: 182.758 Thread 0x00000264821ee810 1262       3       jdk.internal.loader.BuiltinClassLoader::moduleReaderFor (45 bytes)
Event: 182.759 Thread 0x00000264821ee810 nmethod 1262 0x00000264f0454b10 code [0x00000264f0454d00, 0x00000264f04553b8]
Event: 182.759 Thread 0x00000264821ee810 1263       3       jdk.internal.jimage.ImageStringsReader::hashCode (33 bytes)
Event: 182.759 Thread 0x00000264821ee810 nmethod 1263 0x00000264f0455590 code [0x00000264f0455740, 0x00000264f04558b8]
Event: 182.761 Thread 0x00000264821ee810 1264       3       java.lang.StringBuilder::append (8 bytes)
Event: 182.762 Thread 0x00000264821ee810 nmethod 1264 0x00000264f0455990 code [0x00000264f0455b20, 0x00000264f0455c68]
Event: 182.762 Thread 0x00000264821ee810 1265       3       java.lang.AbstractStringBuilder::append (55 bytes)
Event: 182.762 Thread 0x00000264821ee810 nmethod 1265 0x00000264f0455d10 code [0x00000264f0455ee0, 0x00000264f0456218]

GC Heap History (4 events):
Event: 68.537 GC heap before
{Heap before GC invocations=0 (full 0):
 garbage-first heap   total 65536K, used 12288K [0x00000000fc000000, 0x0000000100000000)
  region size 1024K, 13 young (13312K), 0 survivors (0K)
 Metaspace       used 7147K, committed 7360K, reserved 1114112K
  class space    used 688K, committed 768K, reserved 1048576K
}
Event: 69.366 GC heap after
{Heap after GC invocations=1 (full 0):
 garbage-first heap   total 65536K, used 3469K [0x00000000fc000000, 0x0000000100000000)
  region size 1024K, 2 young (2048K), 2 survivors (2048K)
 Metaspace       used 7147K, committed 7360K, reserved 1114112K
  class space    used 688K, committed 768K, reserved 1048576K
}
Event: 143.227 GC heap before
{Heap before GC invocations=1 (full 0):
 garbage-first heap   total 65536K, used 21901K [0x00000000fc000000, 0x0000000100000000)
  region size 1024K, 17 young (17408K), 2 survivors (2048K)
 Metaspace       used 11654K, committed 11840K, reserved 1114112K
  class space    used 1387K, committed 1472K, reserved 1048576K
}
Event: 143.232 GC heap after
{Heap after GC invocations=2 (full 0):
 garbage-first heap   total 65536K, used 10784K [0x00000000fc000000, 0x0000000100000000)
  region size 1024K, 3 young (3072K), 3 survivors (3072K)
 Metaspace       used 11654K, committed 11840K, reserved 1114112K
  class space    used 1387K, committed 1472K, reserved 1048576K
}

Dll operation events (10 events):
Event: 10.783 Loaded shared library C:\Program Files\OpenLogic\jre-17.0.8.7-hotspot\bin\java.dll
Event: 13.382 Loaded shared library C:\Program Files\OpenLogic\jre-17.0.8.7-hotspot\bin\jsvml.dll
Event: 24.972 Loaded shared library C:\Program Files\OpenLogic\jre-17.0.8.7-hotspot\bin\net.dll
Event: 25.248 Loaded shared library C:\Program Files\OpenLogic\jre-17.0.8.7-hotspot\bin\nio.dll
Event: 25.281 Loaded shared library C:\Program Files\OpenLogic\jre-17.0.8.7-hotspot\bin\zip.dll
Event: 54.708 Loaded shared library C:\Program Files\OpenLogic\jre-17.0.8.7-hotspot\bin\jimage.dll
Event: 70.517 Loaded shared library C:\Program Files\OpenLogic\jre-17.0.8.7-hotspot\bin\verify.dll
Event: 139.841 Loaded shared library C:\Users\hp\.gradle\native\68d5fa5c4cc2d200863cafc0d521ce42e7d3e7ee720ec0a83991735586a16f82\windows-amd64\native-platform.dll
Event: 142.750 Loaded shared library C:\Program Files\OpenLogic\jre-17.0.8.7-hotspot\bin\management.dll
Event: 142.759 Loaded shared library C:\Program Files\OpenLogic\jre-17.0.8.7-hotspot\bin\management_ext.dll

Deoptimization events (20 events):
Event: 144.152 Thread 0x00000264eb636d30 DEOPT PACKING pc=0x00000264f7d21684 sp=0x0000009fc43fa030
Event: 144.152 Thread 0x00000264eb636d30 DEOPT UNPACKING pc=0x00000264f77769a3 sp=0x0000009fc43f9fd0 mode 2
Event: 144.152 Thread 0x00000264eb636d30 Uncommon trap: trap_request=0xffffffc6 fr.pc=0x00000264f7d21684 relative=0x00000000000005a4
Event: 144.152 Thread 0x00000264eb636d30 Uncommon trap: reason=bimorphic_or_optimized_type_check action=maybe_recompile pc=0x00000264f7d21684 method=java.util.concurrent.ConcurrentHashMap.get(Ljava/lang/Object;)Ljava/lang/Object; @ 149 c2
Event: 144.152 Thread 0x00000264eb636d30 DEOPT PACKING pc=0x00000264f7d21684 sp=0x0000009fc43fa030
Event: 144.152 Thread 0x00000264eb636d30 DEOPT UNPACKING pc=0x00000264f77769a3 sp=0x0000009fc43f9fd0 mode 2
Event: 144.152 Thread 0x00000264eb636d30 Uncommon trap: trap_request=0xffffffc6 fr.pc=0x00000264f7d21684 relative=0x00000000000005a4
Event: 144.152 Thread 0x00000264eb636d30 Uncommon trap: reason=bimorphic_or_optimized_type_check action=maybe_recompile pc=0x00000264f7d21684 method=java.util.concurrent.ConcurrentHashMap.get(Ljava/lang/Object;)Ljava/lang/Object; @ 149 c2
Event: 144.152 Thread 0x00000264eb636d30 DEOPT PACKING pc=0x00000264f7d21684 sp=0x0000009fc43fa030
Event: 144.152 Thread 0x00000264eb636d30 DEOPT UNPACKING pc=0x00000264f77769a3 sp=0x0000009fc43f9fd0 mode 2
Event: 144.152 Thread 0x00000264eb636d30 Uncommon trap: trap_request=0xffffffc6 fr.pc=0x00000264f7d21684 relative=0x00000000000005a4
Event: 144.152 Thread 0x00000264eb636d30 Uncommon trap: reason=bimorphic_or_optimized_type_check action=maybe_recompile pc=0x00000264f7d21684 method=java.util.concurrent.ConcurrentHashMap.get(Ljava/lang/Object;)Ljava/lang/Object; @ 149 c2
Event: 144.152 Thread 0x00000264eb636d30 DEOPT PACKING pc=0x00000264f7d21684 sp=0x0000009fc43fa460
Event: 144.152 Thread 0x00000264eb636d30 DEOPT UNPACKING pc=0x00000264f77769a3 sp=0x0000009fc43fa400 mode 2
Event: 144.768 Thread 0x00000264eb636d30 DEOPT PACKING pc=0x00000264f02e0838 sp=0x0000009fc43f9d00
Event: 144.768 Thread 0x00000264eb636d30 DEOPT UNPACKING pc=0x00000264f7777143 sp=0x0000009fc43f9218 mode 0
Event: 155.384 Thread 0x00000264eb636d30 Uncommon trap: trap_request=0xffffff45 fr.pc=0x00000264f7d0eb70 relative=0x0000000000001c30
Event: 155.384 Thread 0x00000264eb636d30 Uncommon trap: reason=unstable_if action=reinterpret pc=0x00000264f7d0eb70 method=java.io.WinNTFileSystem.normalize(Ljava/lang/String;)Ljava/lang/String; @ 128 c2
Event: 155.384 Thread 0x00000264eb636d30 DEOPT PACKING pc=0x00000264f7d0eb70 sp=0x0000009fc43fb460
Event: 155.384 Thread 0x00000264eb636d30 DEOPT UNPACKING pc=0x00000264f77769a3 sp=0x0000009fc43fb448 mode 2

Classes unloaded (0 events):
No events

Classes redefined (0 events):
No events

Internal exceptions (16 events):
Event: 31.143 Thread 0x00000264eb636d30 Exception <a 'java/lang/NoSuchMethodError'{0x00000000ffc67268}: 'int java.lang.invoke.DirectMethodHandle$Holder.invokeStaticInit(java.lang.Object, java.lang.Object)'> (0x00000000ffc67268) 
thrown [s\src\hotspot\share\interpreter\linkResolver.cpp, line 759]
Event: 138.016 Thread 0x00000264eb636d30 Exception <a 'java/lang/NoSuchMethodError'{0x00000000ff8afee8}: 'void java.lang.invoke.DirectMethodHandle$Holder.invokeStatic(java.lang.Object, java.lang.Object)'> (0x00000000ff8afee8) 
thrown [s\src\hotspot\share\interpreter\linkResolver.cpp, line 759]
Event: 138.785 Thread 0x00000264eb636d30 Exception <a 'java/lang/NoClassDefFoundError'{0x00000000ff734d90}: org/slf4j/impl/StaticMarkerBinder> (0x00000000ff734d90) 
thrown [s\src\hotspot\share\classfile\systemDictionary.cpp, line 245]
Event: 139.269 Thread 0x00000264eb636d30 Exception <a 'java/lang/NoSuchMethodError'{0x00000000ff7d1950}: 'java.lang.Object java.lang.invoke.DirectMethodHandle$Holder.invokeVirtual(java.lang.Object, java.lang.Object, java.lang.Object, java.lang.Object, java.lang.Object, java.lang.Object, java.lang.Object)'> (0x00000000ff7d1950) 
thrown [s\src\hotspot\share\interpreter\linkResolver.cpp, line 759]
Event: 139.276 Thread 0x00000264eb636d30 Exception <a 'java/lang/NoSuchMethodError'{0x00000000ff7e2f40}: 'java.lang.Object java.lang.invoke.Invokers$Holder.invoker(java.lang.Object, java.lang.Object, java.lang.Object)'> (0x00000000ff7e2f40) 
thrown [s\src\hotspot\share\interpreter\linkResolver.cpp, line 759]
Event: 139.280 Thread 0x00000264eb636d30 Exception <a 'java/lang/NoSuchMethodError'{0x00000000ff7ec650}: 'java.lang.Object java.lang.invoke.DirectMethodHandle$Holder.invokeStatic(java.lang.Object, java.lang.Object, int)'> (0x00000000ff7ec650) 
thrown [s\src\hotspot\share\interpreter\linkResolver.cpp, line 759]
Event: 139.284 Thread 0x00000264eb636d30 Exception <a 'java/lang/NoSuchMethodError'{0x00000000ff7f8340}: 'void java.lang.invoke.DelegatingMethodHandle$Holder.delegate(java.lang.Object, java.lang.Object, int, java.lang.Object)'> (0x00000000ff7f8340) 
thrown [s\src\hotspot\share\interpreter\linkResolver.cpp, line 759]
Event: 139.285 Thread 0x00000264eb636d30 Exception <a 'java/lang/NoSuchMethodError'{0x00000000ff7fc488}: 'int java.lang.invoke.DirectMethodHandle$Holder.invokeSpecial(java.lang.Object, java.lang.Object, java.lang.Object)'> (0x00000000ff7fc488) 
thrown [s\src\hotspot\share\interpreter\linkResolver.cpp, line 759]
Event: 139.299 Thread 0x00000264eb636d30 Exception <a 'java/lang/NoSuchMethodError'{0x00000000ff60fb68}: 'java.lang.Object java.lang.invoke.Invokers$Holder.invokeExact_MT(java.lang.Object, java.lang.Object, java.lang.Object, java.lang.Object)'> (0x00000000ff60fb68) 
thrown [s\src\hotspot\share\interpreter\linkResolver.cpp, line 759]
Event: 141.420 Thread 0x00000264eb636d30 Exception <a 'java/lang/NoSuchMethodError'{0x00000000ff0274a8}: 'void java.lang.invoke.DirectMethodHandle$Holder.invokeSpecial(java.lang.Object, java.lang.Object, java.lang.Object)'> (0x00000000ff0274a8) 
thrown [s\src\hotspot\share\interpreter\linkResolver.cpp, line 759]
Event: 142.019 Thread 0x00000264eb636d30 Implicit null exception at 0x00000264f7d0ac93 to 0x00000264f7d0b0ec
Event: 142.019 Thread 0x00000264eb636d30 Implicit null exception at 0x00000264f7cfd191 to 0x00000264f7cfd5c8
Event: 142.748 Thread 0x00000264eb636d30 Exception <a 'java/lang/NoSuchMethodError'{0x00000000fefc4b48}: 'java.lang.Object java.lang.invoke.DirectMethodHandle$Holder.invokeStaticInit(java.lang.Object)'> (0x00000000fefc4b48) 
thrown [s\src\hotspot\share\interpreter\linkResolver.cpp, line 759]
Event: 145.075 Thread 0x00000264eb636d30 Exception <a 'java/lang/NoSuchMethodError'{0x00000000ffb0d840}: 'java.lang.Object java.lang.invoke.DirectMethodHandle$Holder.invokeStaticInit(java.lang.Object, int, int, int, int)'> (0x00000000ffb0d840) 
thrown [s\src\hotspot\share\interpreter\linkResolver.cpp, line 759]
Event: 155.398 Thread 0x00000264eb636d30 Exception <a 'java/lang/NoSuchMethodError'{0x00000000ffb3ef98}: 'java.lang.Object java.lang.invoke.DirectMethodHandle$Holder.invokeStaticInit(java.lang.Object, java.lang.Object, int, int, int, int)'> (0x00000000ffb3ef98) 
thrown [s\src\hotspot\share\interpreter\linkResolver.cpp, line 759]
Event: 166.480 Thread 0x00000264eb636d30 Exception <a 'java/lang/NoSuchMethodError'{0x00000000ffb6b320}: 'void java.lang.invoke.DirectMethodHandle$Holder.invokeStatic(java.lang.Object, java.lang.Object, java.lang.Object)'> (0x00000000ffb6b320) 
thrown [s\src\hotspot\share\interpreter\linkResolver.cpp, line 759]

VM Operations (20 events):
Event: 167.472 Executing VM operation: Cleanup
Event: 167.472 Executing VM operation: Cleanup done
Event: 168.485 Executing VM operation: Cleanup
Event: 168.485 Executing VM operation: Cleanup done
Event: 171.125 Executing VM operation: HandshakeAllThreads
Event: 171.125 Executing VM operation: HandshakeAllThreads done
Event: 171.125 Executing VM operation: Cleanup
Event: 171.125 Executing VM operation: Cleanup done
Event: 172.136 Executing VM operation: Cleanup
Event: 172.136 Executing VM operation: Cleanup done
Event: 174.152 Executing VM operation: Cleanup
Event: 174.152 Executing VM operation: Cleanup done
Event: 175.165 Executing VM operation: Cleanup
Event: 175.165 Executing VM operation: Cleanup done
Event: 176.179 Executing VM operation: Cleanup
Event: 176.179 Executing VM operation: Cleanup done
Event: 177.183 Executing VM operation: Cleanup
Event: 177.183 Executing VM operation: Cleanup done
Event: 180.205 Executing VM operation: Cleanup
Event: 180.205 Executing VM operation: Cleanup done

Events (20 events):
Event: 182.760 loading class java/time/temporal/TemporalAccessor done
Event: 182.760 loading class java/time/temporal/Temporal done
Event: 182.760 loading class java/time/temporal/TemporalAdjuster
Event: 182.760 loading class java/time/temporal/TemporalAdjuster done
Event: 182.760 loading class java/time/chrono/ChronoLocalDateTime
Event: 182.760 loading class java/time/chrono/ChronoLocalDateTime done
Event: 182.761 loading class java/time/LocalDateTime done
Event: 182.761 loading class java/time/ZoneOffset
Event: 182.761 loading class java/time/ZoneOffset done
Event: 182.763 loading class java/time/zone/ZoneOffsetTransition
Event: 182.763 loading class java/time/zone/ZoneOffsetTransition done
Event: 182.763 loading class java/time/LocalDate
Event: 182.764 loading class java/time/chrono/ChronoLocalDate
Event: 182.765 loading class java/time/chrono/ChronoLocalDate done
Event: 182.765 loading class java/time/LocalDate done
Event: 182.766 loading class java/time/temporal/ChronoField
Event: 182.766 loading class java/time/temporal/TemporalField
Event: 182.766 loading class java/time/temporal/TemporalField done
Event: 182.766 loading class java/time/temporal/ChronoField done
Event: 182.766 loading class java/time/temporal/ValueRange


Dynamic libraries:
0x00007ff65b5a0000 - 0x00007ff65b5ae000 	C:\Program Files\OpenLogic\jre-17.0.8.7-hotspot\bin\java.exe
0x00007ff9b69f0000 - 0x00007ff9b6be8000 	C:\Windows\SYSTEM32\ntdll.dll
0x00007ff9b6720000 - 0x00007ff9b67dd000 	C:\Windows\System32\KERNEL32.DLL
0x00007ff9b4720000 - 0x00007ff9b4a16000 	C:\Windows\System32\KERNELBASE.dll
0x00007ff9b4410000 - 0x00007ff9b4510000 	C:\Windows\System32\ucrtbase.dll
0x00007ff9a0fc0000 - 0x00007ff9a0fdb000 	C:\Program Files\OpenLogic\jre-17.0.8.7-hotspot\bin\VCRUNTIME140.dll
0x00007ff9a0fe0000 - 0x00007ff9a0ff7000 	C:\Program Files\OpenLogic\jre-17.0.8.7-hotspot\bin\jli.dll
0x00007ff9b67e0000 - 0x00007ff9b697e000 	C:\Windows\System32\USER32.dll
0x00007ff9b43e0000 - 0x00007ff9b4402000 	C:\Windows\System32\win32u.dll
0x00007ff9b6980000 - 0x00007ff9b69ac000 	C:\Windows\System32\GDI32.dll
0x00007ff9b4510000 - 0x00007ff9b462a000 	C:\Windows\System32\gdi32full.dll
0x00007ff9b4630000 - 0x00007ff9b46cd000 	C:\Windows\System32\msvcp_win.dll
0x00007ff9a3010000 - 0x00007ff9a32aa000 	C:\Windows\WinSxS\amd64_microsoft.windows.common-controls_6595b64144ccf1df_6.0.19041.3636_none_60b6a03d71f818d5\COMCTL32.dll
0x00007ff9b6470000 - 0x00007ff9b650e000 	C:\Windows\System32\msvcrt.dll
0x00007ff9b62d0000 - 0x00007ff9b6300000 	C:\Windows\System32\IMM32.DLL
0x00007ff9a1230000 - 0x00007ff9a123c000 	C:\Program Files\OpenLogic\jre-17.0.8.7-hotspot\bin\vcruntime140_1.dll
0x00007ff984510000 - 0x00007ff98459d000 	C:\Program Files\OpenLogic\jre-17.0.8.7-hotspot\bin\msvcp140.dll
0x00007ff934e20000 - 0x00007ff935a82000 	C:\Program Files\OpenLogic\jre-17.0.8.7-hotspot\bin\server\jvm.dll
0x00007ff9b6220000 - 0x00007ff9b62cf000 	C:\Windows\System32\ADVAPI32.dll
0x00007ff9b4c90000 - 0x00007ff9b4d2c000 	C:\Windows\System32\sechost.dll
0x00007ff9b5500000 - 0x00007ff9b5626000 	C:\Windows\System32\RPCRT4.dll
0x00007ff9b3680000 - 0x00007ff9b36cb000 	C:\Windows\SYSTEM32\POWRPROF.dll
0x00007ff9a1210000 - 0x00007ff9a1219000 	C:\Windows\SYSTEM32\WSOCK32.dll
0x00007ff9b6300000 - 0x00007ff9b636b000 	C:\Windows\System32\WS2_32.dll
0x00007ff99e620000 - 0x00007ff99e647000 	C:\Windows\SYSTEM32\WINMM.dll
0x00007ff9ad380000 - 0x00007ff9ad38a000 	C:\Windows\SYSTEM32\VERSION.dll
0x00007ff9b34f0000 - 0x00007ff9b3502000 	C:\Windows\SYSTEM32\UMPDC.dll
0x00007ff9b1f90000 - 0x00007ff9b1fa2000 	C:\Windows\SYSTEM32\kernel.appcore.dll
0x00007ff9a0fb0000 - 0x00007ff9a0fba000 	C:\Program Files\OpenLogic\jre-17.0.8.7-hotspot\bin\jimage.dll
0x00007ff98ef40000 - 0x00007ff98f124000 	C:\Windows\SYSTEM32\DBGHELP.DLL
0x00007ff98ef00000 - 0x00007ff98ef34000 	C:\Windows\SYSTEM32\dbgcore.DLL
0x00007ff9b4230000 - 0x00007ff9b42b2000 	C:\Windows\System32\bcryptPrimitives.dll
0x00007ff9844e0000 - 0x00007ff984505000 	C:\Program Files\OpenLogic\jre-17.0.8.7-hotspot\bin\java.dll
0x00007ff9a0f90000 - 0x00007ff9a0fa8000 	C:\Program Files\OpenLogic\jre-17.0.8.7-hotspot\bin\zip.dll
0x00007ff97ce80000 - 0x00007ff97cf56000 	C:\Program Files\OpenLogic\jre-17.0.8.7-hotspot\bin\jsvml.dll
0x00007ff9b4d30000 - 0x00007ff9b5474000 	C:\Windows\System32\SHELL32.dll
0x00007ff9b2190000 - 0x00007ff9b292b000 	C:\Windows\SYSTEM32\windows.storage.dll
0x00007ff9b5ce0000 - 0x00007ff9b6034000 	C:\Windows\System32\combase.dll
0x00007ff9b3b10000 - 0x00007ff9b3b3d000 	C:\Windows\SYSTEM32\Wldp.dll
0x00007ff9b5630000 - 0x00007ff9b56dd000 	C:\Windows\System32\SHCORE.dll
0x00007ff9b66c0000 - 0x00007ff9b6715000 	C:\Windows\System32\shlwapi.dll
0x00007ff9b4000000 - 0x00007ff9b4025000 	C:\Windows\SYSTEM32\profapi.dll
0x00007ff99c510000 - 0x00007ff99c529000 	C:\Program Files\OpenLogic\jre-17.0.8.7-hotspot\bin\net.dll
0x00007ff9a6c60000 - 0x00007ff9a6d6a000 	C:\Windows\SYSTEM32\WINHTTP.dll
0x00007ff9b3870000 - 0x00007ff9b38da000 	C:\Windows\system32\mswsock.dll
0x00007ff988820000 - 0x00007ff988836000 	C:\Program Files\OpenLogic\jre-17.0.8.7-hotspot\bin\nio.dll
0x00007ff9abf00000 - 0x00007ff9abf10000 	C:\Program Files\OpenLogic\jre-17.0.8.7-hotspot\bin\verify.dll
0x00007ff923370000 - 0x00007ff923397000 	C:\Users\hp\.gradle\native\68d5fa5c4cc2d200863cafc0d521ce42e7d3e7ee720ec0a83991735586a16f82\windows-amd64\native-platform.dll
0x00007ff99c680000 - 0x00007ff99c689000 	C:\Program Files\OpenLogic\jre-17.0.8.7-hotspot\bin\management.dll
0x00007ff9877d0000 - 0x00007ff9877db000 	C:\Program Files\OpenLogic\jre-17.0.8.7-hotspot\bin\management_ext.dll
0x00007ff9b5b60000 - 0x00007ff9b5b68000 	C:\Windows\System32\PSAPI.DLL
0x00007ff9b3a70000 - 0x00007ff9b3a88000 	C:\Windows\SYSTEM32\CRYPTSP.dll
0x00007ff9b3130000 - 0x00007ff9b3164000 	C:\Windows\system32\rsaenh.dll
0x00007ff9b4a20000 - 0x00007ff9b4a47000 	C:\Windows\System32\bcrypt.dll
0x00007ff9b3fc0000 - 0x00007ff9b3fee000 	C:\Windows\SYSTEM32\USERENV.dll
0x00007ff9b3a60000 - 0x00007ff9b3a6c000 	C:\Windows\SYSTEM32\CRYPTBASE.dll
0x00007ff9b3510000 - 0x00007ff9b354b000 	C:\Windows\SYSTEM32\IPHLPAPI.DLL
0x00007ff9b6390000 - 0x00007ff9b6398000 	C:\Windows\System32\NSI.dll
0x00007ff9ab390000 - 0x00007ff9ab3a7000 	C:\Windows\SYSTEM32\dhcpcsvc6.DLL
0x00007ff9ab4e0000 - 0x00007ff9ab4fd000 	C:\Windows\SYSTEM32\dhcpcsvc.DLL
0x00007ff9b3560000 - 0x00007ff9b362a000 	C:\Windows\SYSTEM32\DNSAPI.dll

dbghelp: loaded successfully - version: 4.0.5 - missing functions: none
symbol engine: initialized successfully - sym options: 0x614 - pdb path: .;C:\Program Files\OpenLogic\jre-17.0.8.7-hotspot\bin;C:\Windows\SYSTEM32;C:\Windows\WinSxS\amd64_microsoft.windows.common-controls_6595b64144ccf1df_6.0.19041.3636_none_60b6a03d71f818d5;C:\Program Files\OpenLogic\jre-17.0.8.7-hotspot\bin\server;C:\Users\hp\.gradle\native\68d5fa5c4cc2d200863cafc0d521ce42e7d3e7ee720ec0a83991735586a16f82\windows-amd64

VM Arguments:
jvm_args: -Xmx64m -Xms64m -Dorg.gradle.appname=gradlew 
java_command: org.gradle.wrapper.GradleWrapperMain tasks
java_class_path (initial): E:\Ceiyone\android\\gradle\wrapper\gradle-wrapper.jar
Launcher Type: SUN_STANDARD

[Global flags]
     intx CICompilerCount                          = 3                                         {product} {ergonomic}
     uint ConcGCThreads                            = 1                                         {product} {ergonomic}
     uint G1ConcRefinementThreads                  = 4                                         {product} {ergonomic}
   size_t G1HeapRegionSize                         = 1048576                                   {product} {ergonomic}
    uintx GCDrainStackTargetSize                   = 64                                        {product} {ergonomic}
   size_t InitialHeapSize                          = 67108864                                  {product} {command line}
   size_t MarkStackSize                            = 4194304                                   {product} {ergonomic}
   size_t MaxHeapSize                              = 67108864                                  {product} {command line}
   size_t MaxNewSize                               = 39845888                                  {product} {ergonomic}
   size_t MinHeapDeltaBytes                        = 1048576                                   {product} {ergonomic}
   size_t MinHeapSize                              = 67108864                                  {product} {command line}
    uintx NonNMethodCodeHeapSize                   = 5832780                                {pd product} {ergonomic}
    uintx NonProfiledCodeHeapSize                  = 122912730                              {pd product} {ergonomic}
    uintx ProfiledCodeHeapSize                     = 122912730                              {pd product} {ergonomic}
    uintx ReservedCodeCacheSize                    = 251658240                              {pd product} {ergonomic}
     bool SegmentedCodeCache                       = true                                      {product} {ergonomic}
   size_t SoftMaxHeapSize                          = 67108864                               {manageable} {ergonomic}
     bool UseCompressedClassPointers               = true                           {product lp64_product} {ergonomic}
     bool UseCompressedOops                        = true                           {product lp64_product} {ergonomic}
     bool UseG1GC                                  = true                                      {product} {ergonomic}
     bool UseLargePagesIndividualAllocation        = false                                  {pd product} {ergonomic}

Logging:
Log output configuration:
 #0: stdout all=warning uptime,level,tags
 #1: stderr all=off uptime,level,tags

Environment Variables:
JAVA_HOME=C:\Program Files\OpenLogic\jre-17.0.8.7-hotspot\
CLASSPATH=E:\Ceiyone\android\\gradle\wrapper\gradle-wrapper.jar
PATH=E:\Ceiyone\node_modules\.bin;E:\Ceiyone\node_modules\.bin;E:\node_modules\.bin;C:\Users\hp\AppData\Roaming\npm\node_modules\npm\node_modules\@npmcli\run-script\lib\node-gyp-bin;E:\Ceiyone\node_modules\.bin;E:\node_modules\.bin;C:\Users\hp\AppData\Roaming\npm\node_modules\npm\node_modules\@npmcli\run-script\lib\node-gyp-bin;C:\Program Files\OpenLogic\jre-17.0.8.7-hotspot\bin;C:\Windows\system32;C:\Windows;C:\Windows\System32\Wbem;C:\Windows\System32\WindowsPowerShell\v1.0\;C:\Windows\System32\OpenSSH\;C:\Users\hp\AppData\Local\Android\Sdk;C:\Users\hp\AppData\Local\Android\Sdk\platform-tools;C:\Program Files\nodejs\;C:\Program Files\nodejs\;C:\Users\hp\AppData\Roming\npm;C:\Program Files\Git\cmd;C:\Users\hp\AppData\Local\Microsoft\WindowsApps;C:\Users\hp\AppData\Local\Android\Sdk\platform-tools;C:\Users\hp\AppData\Local\Android\Sdk\emulator;C:\Users\hp\AppData\Local\Android\Sdk\tools;C:\Users\hp\AppData\Local\Android\Sdk\tools\bin;C:\Users\hp\AppData\Local\Android\Sdk;C:\Users\hp\AppData\Roaming\npm;C:\Users\hp\AppData\Local\Programs\Microsoft VS Code\bin
USERNAME=hp
OS=Windows_NT
PROCESSOR_IDENTIFIER=Intel64 Family 6 Model 142 Stepping 9, GenuineIntel
TMP=C:\Users\hp\AppData\Local\Temp
TEMP=C:\Users\hp\AppData\Local\Temp



---------------  S Y S T E M  ---------------

OS:
 Windows 10 , 64 bit Build 19041 (10.0.19041.3636)
OS uptime: 0 days 0:30 hours

CPU: total 4 (initial active 4) (2 cores per cpu, 2 threads per core) family 6 model 142 stepping 9 microcode 0xf0, cx8, cmov, fxsr, ht, mmx, 3dnowpref, sse, sse2, sse3, ssse3, sse4.1, sse4.2, popcnt, lzcnt, tsc, tscinvbit, avx, avx2, aes, erms, clmul, bmi1, bmi2, adx, fma, vzeroupper, clflush, clflushopt
Processor Information for all 4 processors :
  Max Mhz: 2400, Current Mhz: 2400, Mhz Limit: 2400

Memory: 4k page, system-wide physical 12151M (528M free)
TotalPageFile size 41879M (AvailPageFile size 303M)
current process WorkingSet (physical memory assigned to process): 76M, peak: 80M
current process commit charge ("private bytes"): 149M, peak: 150M

vm_info: OpenJDK 64-Bit Server VM (17.0.8+7-adhoc..jdk17u) for windows-amd64 JRE (17.0.8+7-adhoc..jdk17u), built on Jul 19 2023 10:43:49 by "" with MS VC++ 16.10 / 16.11 (VS2019)

END.
