#
# There is insufficient memory for the Java Runtime Environment to continue.
# Native memory allocation (mmap) failed to map 65536 bytes for Failed to commit metaspace.
# Possible reasons:
#   The system is out of physical RAM or swap space
#   The process is running with CompressedOops enabled, and the Java Heap may be blocking the growth of the native heap
# Possible solutions:
#   Reduce memory load on the system
#   Increase physical memory or swap space
#   Check if swap backing store is full
#   Decrease Java heap size (-Xmx/-Xms)
#   Decrease number of Java threads
#   Decrease Java thread stack sizes (-Xss)
#   Set larger code cache with -XX:ReservedCodeCacheSize=
#   JVM is running with Unscaled Compressed Oops mode in which the Java heap is
#     placed in the first 4GB address space. The Java Heap base address is the
#     maximum limit for the native heap growth. Please use -XX:HeapBaseMinAddress
#     to set the Java Heap base and to place the Java Heap above 4GB virtual address.
# This output file may be truncated or incomplete.
#
#  Out of Memory Error (virtualSpaceNode.cpp:110), pid=24328, tid=24636
#
# JRE version: OpenJDK Runtime Environment OpenLogic-OpenJDK (17.0.8+7) (build 17.0.8+7-adhoc..jdk17u)
# Java VM: OpenJDK 64-Bit Server VM OpenLogic-OpenJDK (17.0.8+7-adhoc..jdk17u, mixed mode, tiered, compressed oops, compressed class ptrs, g1 gc, windows-amd64)
# No core dump will be written. Minidumps are not enabled by default on client versions of Windows
#

---------------  S U M M A R Y ------------

Command Line: -Xmx64m -Xms64m -Dorg.gradle.appname=gradlew org.gradle.wrapper.GradleWrapperMain tasks

Host: Intel(R) Core(TM) i3-7100U CPU @ 2.40GHz, 4 cores, 11G,  Windows 10 , 64 bit Build 19041 (10.0.19041.3636)
Time: Thu Nov 30 09:09:30 2023 India Standard Time elapsed time: 177.366127 seconds (0d 0h 2m 57s)

---------------  T H R E A D  ---------------

Current thread (0x0000021b877b6d30):  JavaThread "main" [_thread_in_vm, id=24636, stack(0x0000002ced200000,0x0000002ced300000)]

Stack: [0x0000002ced200000,0x0000002ced300000]
Native frames: (J=compiled Java code, j=interpreted, Vv=VM code, C=native code)
V  [jvm.dll+0x679dda]
V  [jvm.dll+0x8378c4]
V  [jvm.dll+0x83906e]
V  [jvm.dll+0x8396d3]
V  [jvm.dll+0x24775f]
V  [jvm.dll+0x83395b]
V  [jvm.dll+0x61e576]
V  [jvm.dll+0x61e5da]
V  [jvm.dll+0x620dfa]
V  [jvm.dll+0x61ef16]
V  [jvm.dll+0x2450dc]
V  [jvm.dll+0x6d0c2d]
V  [jvm.dll+0x6d165f]
V  [jvm.dll+0x372ce4]
V  [jvm.dll+0x371d84]
V  [jvm.dll+0x371d28]
V  [jvm.dll+0x381c8a]
C  0x0000021b920eb5bb

Java frames: (J=compiled Java code, j=interpreted, Vv=VM code)
j  org.gradle.process.internal.streams.ForwardStdinStreamsHandler.<init>(Ljava/io/InputStream;)V+5
j  org.gradle.process.internal.AbstractExecHandleBuilder.setStandardInput(Ljava/io/InputStream;)Lorg/gradle/process/internal/AbstractExecHandleBuilder;+15
j  org.gradle.process.internal.DefaultExecHandleBuilder.setStandardInput(Ljava/io/InputStream;)Lorg/gradle/process/internal/DefaultExecHandleBuilder;+2
j  org.gradle.process.internal.DefaultExecHandleBuilder.setStandardInput(Ljava/io/InputStream;)Lorg/gradle/process/BaseExecSpec;+2
j  org.gradle.launcher.daemon.DaemonExecHandleBuilder.build(Ljava/util/List;Ljava/io/File;Lorg/gradle/launcher/daemon/bootstrap/DaemonOutputConsumer;Ljava/io/InputStream;Lorg/gradle/process/internal/ExecHandleBuilder;)Lorg/gradle/process/internal/ExecHandle;+21
j  org.gradle.launcher.daemon.client.DefaultDaemonStarter.startProcess(Ljava/util/List;Ljava/io/File;Ljava/io/File;Ljava/io/InputStream;)Lorg/gradle/launcher/daemon/diagnostics/DaemonStartupInfo;+54
j  org.gradle.launcher.daemon.client.DefaultDaemonStarter.startDaemon(Z)Lorg/gradle/launcher/daemon/diagnostics/DaemonStartupInfo;+561
j  org.gradle.launcher.daemon.client.DefaultDaemonConnector.doStartDaemon(Lorg/gradle/api/internal/specs/ExplainingSpec;Z)Lorg/gradle/launcher/daemon/client/DaemonClientConnection;+26
j  org.gradle.launcher.daemon.client.DefaultDaemonConnector.startDaemon(Lorg/gradle/api/internal/specs/ExplainingSpec;)Lorg/gradle/launcher/daemon/client/DaemonClientConnection;+3
j  org.gradle.launcher.daemon.client.DaemonClient.execute(Lorg/gradle/internal/invocation/BuildAction;Lorg/gradle/launcher/exec/BuildActionParameters;Lorg/gradle/initialization/BuildRequestContext;)Lorg/gradle/launcher/exec/BuildActionResult;+207
j  org.gradle.launcher.daemon.client.DaemonClient.execute(Lorg/gradle/internal/invocation/BuildAction;Ljava/lang/Object;Ljava/lang/Object;)Lorg/gradle/launcher/exec/BuildActionResult;+10
j  org.gradle.launcher.cli.RunBuildAction.run()V+74
j  org.gradle.internal.Actions$RunnableActionAdapter.execute(Ljava/lang/Object;)V+4
j  org.gradle.launcher.cli.DefaultCommandLineActionFactory$ParseAndBuildAction.execute(Lorg/gradle/launcher/bootstrap/ExecutionListener;)V+60
j  org.gradle.launcher.cli.DefaultCommandLineActionFactory$ParseAndBuildAction.execute(Ljava/lang/Object;)V+5
j  org.gradle.launcher.cli.DebugLoggerWarningAction.execute(Lorg/gradle/launcher/bootstrap/ExecutionListener;)V+9
j  org.gradle.launcher.cli.DebugLoggerWarningAction.execute(Ljava/lang/Object;)V+5
j  org.gradle.launcher.cli.WelcomeMessageAction.execute(Lorg/gradle/launcher/bootstrap/ExecutionListener;)V+218
j  org.gradle.launcher.cli.WelcomeMessageAction.execute(Ljava/lang/Object;)V+5
j  org.gradle.launcher.cli.NativeServicesInitializingAction.execute(Lorg/gradle/launcher/bootstrap/ExecutionListener;)V+35
j  org.gradle.launcher.cli.NativeServicesInitializingAction.execute(Ljava/lang/Object;)V+5
j  org.gradle.launcher.cli.ExceptionReportingAction.execute(Lorg/gradle/launcher/bootstrap/ExecutionListener;)V+5
j  org.gradle.launcher.cli.ExceptionReportingAction.execute(Ljava/lang/Object;)V+5
j  org.gradle.launcher.cli.DefaultCommandLineActionFactory$WithLogging.execute(Lorg/gradle/launcher/bootstrap/ExecutionListener;)V+299
j  org.gradle.launcher.Main.doAction([Ljava/lang/String;Lorg/gradle/launcher/bootstrap/ExecutionListener;)V+14
j  org.gradle.launcher.bootstrap.EntryPoint.run([Ljava/lang/String;)V+12
v  ~StubRoutines::call_stub
j  jdk.internal.reflect.NativeMethodAccessorImpl.invoke0(Ljava/lang/reflect/Method;Ljava/lang/Object;[Ljava/lang/Object;)Ljava/lang/Object;+0 java.base@17.0.8
j  jdk.internal.reflect.NativeMethodAccessorImpl.invoke(Ljava/lang/Object;[Ljava/lang/Object;)Ljava/lang/Object;+133 java.base@17.0.8
j  jdk.internal.reflect.DelegatingMethodAccessorImpl.invoke(Ljava/lang/Object;[Ljava/lang/Object;)Ljava/lang/Object;+6 java.base@17.0.8
j  java.lang.reflect.Method.invoke(Ljava/lang/Object;[Ljava/lang/Object;)Ljava/lang/Object;+59 java.base@17.0.8
j  org.gradle.launcher.bootstrap.ProcessBootstrap.runNoExit(Ljava/lang/String;[Ljava/lang/String;)V+159
j  org.gradle.launcher.bootstrap.ProcessBootstrap.run(Ljava/lang/String;[Ljava/lang/String;)V+2
v  ~StubRoutines::call_stub
j  jdk.internal.reflect.NativeMethodAccessorImpl.invoke0(Ljava/lang/reflect/Method;Ljava/lang/Object;[Ljava/lang/Object;)Ljava/lang/Object;+0 java.base@17.0.8
j  jdk.internal.reflect.NativeMethodAccessorImpl.invoke(Ljava/lang/Object;[Ljava/lang/Object;)Ljava/lang/Object;+133 java.base@17.0.8
j  jdk.internal.reflect.DelegatingMethodAccessorImpl.invoke(Ljava/lang/Object;[Ljava/lang/Object;)Ljava/lang/Object;+6 java.base@17.0.8
j  java.lang.reflect.Method.invoke(Ljava/lang/Object;[Ljava/lang/Object;)Ljava/lang/Object;+59 java.base@17.0.8
j  org.gradle.launcher.GradleMain.main([Ljava/lang/String;)V+100
v  ~StubRoutines::call_stub
j  jdk.internal.reflect.NativeMethodAccessorImpl.invoke0(Ljava/lang/reflect/Method;Ljava/lang/Object;[Ljava/lang/Object;)Ljava/lang/Object;+0 java.base@17.0.8
j  jdk.internal.reflect.NativeMethodAccessorImpl.invoke(Ljava/lang/Object;[Ljava/lang/Object;)Ljava/lang/Object;+133 java.base@17.0.8
j  jdk.internal.reflect.DelegatingMethodAccessorImpl.invoke(Ljava/lang/Object;[Ljava/lang/Object;)Ljava/lang/Object;+6 java.base@17.0.8
j  java.lang.reflect.Method.invoke(Ljava/lang/Object;[Ljava/lang/Object;)Ljava/lang/Object;+59 java.base@17.0.8
j  org.gradle.wrapper.BootstrapMainStarter.start([Ljava/lang/String;Ljava/io/File;)V+105
j  org.gradle.wrapper.WrapperExecutor.execute([Ljava/lang/String;Lorg/gradle/wrapper/Install;Lorg/gradle/wrapper/BootstrapMainStarter;)V+14
j  org.gradle.wrapper.GradleWrapperMain.main([Ljava/lang/String;)V+206
v  ~StubRoutines::call_stub

---------------  P R O C E S S  ---------------

Threads class SMR info:
_java_thread_list=0x0000021b9cefa020, length=13, elements={
0x0000021b877b6d30, 0x0000021b9c22a740, 0x0000021b9c22b5c0, 0x0000021b9c26a130,
0x0000021b9c26aec0, 0x0000021b9c26eb00, 0x0000021b9c26f4c0, 0x0000021b9c270260,
0x0000021b9c270d10, 0x0000021b9c2cede0, 0x0000021b9c449d80, 0x0000021b9c4645e0,
0x0000021b9cb12050
}

Java Threads: ( => current thread )
=>0x0000021b877b6d30 JavaThread "main" [_thread_in_vm, id=24636, stack(0x0000002ced200000,0x0000002ced300000)]
  0x0000021b9c22a740 JavaThread "Reference Handler" daemon [_thread_blocked, id=25804, stack(0x0000002ced900000,0x0000002ceda00000)]
  0x0000021b9c22b5c0 JavaThread "Finalizer" daemon [_thread_blocked, id=25808, stack(0x0000002ceda00000,0x0000002cedb00000)]
  0x0000021b9c26a130 JavaThread "Signal Dispatcher" daemon [_thread_blocked, id=25860, stack(0x0000002cedb00000,0x0000002cedc00000)]
  0x0000021b9c26aec0 JavaThread "Attach Listener" daemon [_thread_blocked, id=25864, stack(0x0000002cedc00000,0x0000002cedd00000)]
  0x0000021b9c26eb00 JavaThread "Service Thread" daemon [_thread_blocked, id=25868, stack(0x0000002cedd00000,0x0000002cede00000)]
  0x0000021b9c26f4c0 JavaThread "Monitor Deflation Thread" daemon [_thread_blocked, id=25872, stack(0x0000002cede00000,0x0000002cedf00000)]
  0x0000021b9c270260 JavaThread "C2 CompilerThread0" daemon [_thread_blocked, id=25876, stack(0x0000002cedf00000,0x0000002cee000000)]
  0x0000021b9c270d10 JavaThread "C1 CompilerThread0" daemon [_thread_blocked, id=25924, stack(0x0000002cee000000,0x0000002cee100000)]
  0x0000021b9c2cede0 JavaThread "Sweeper thread" daemon [_thread_blocked, id=25968, stack(0x0000002cee100000,0x0000002cee200000)]
  0x0000021b9c449d80 JavaThread "Notification Thread" daemon [_thread_blocked, id=26380, stack(0x0000002cee200000,0x0000002cee300000)]
  0x0000021b9c4645e0 JavaThread "Common-Cleaner" daemon [_thread_blocked, id=26392, stack(0x0000002cee400000,0x0000002cee500000)]
  0x0000021b9cb12050 JavaThread "pool-1-thread-1" [_thread_blocked, id=30032, stack(0x0000002cee600000,0x0000002cee700000)]

Other Threads:
  0x0000021b9c1d75f0 VMThread "VM Thread" [stack: 0x0000002ced800000,0x0000002ced900000] [id=17748]
  0x0000021b9c44a670 WatcherThread [stack: 0x0000002cee300000,0x0000002cee400000] [id=26384]
  0x0000021b877d7790 GCTaskThread "GC Thread#0" [stack: 0x0000002ced300000,0x0000002ced400000] [id=25460]
  0x0000021b9c4bd290 GCTaskThread "GC Thread#1" [stack: 0x0000002ced000000,0x0000002ced100000] [id=19644]
  0x0000021b9c9606f0 GCTaskThread "GC Thread#2" [stack: 0x0000002ced100000,0x0000002ced200000] [id=21156]
  0x0000021b9c9609b0 GCTaskThread "GC Thread#3" [stack: 0x0000002cee500000,0x0000002cee600000] [id=17496]
  0x0000021b877d8ee0 ConcurrentGCThread "G1 Main Marker" [stack: 0x0000002ced400000,0x0000002ced500000] [id=25464]
  0x0000021b877d98f0 ConcurrentGCThread "G1 Conc#0" [stack: 0x0000002ced500000,0x0000002ced600000] [id=25468]
  0x0000021b87826270 ConcurrentGCThread "G1 Refine#0" [stack: 0x0000002ced600000,0x0000002ced700000] [id=25472]
  0x0000021b87826ca0 ConcurrentGCThread "G1 Service" [stack: 0x0000002ced700000,0x0000002ced800000] [id=25476]

Threads with active compile tasks:

VM state: not at safepoint (normal execution)

VM Mutex/Monitor currently owned by a thread:  ([mutex/lock_event])
[0x0000021b877b0530] Metaspace_lock - owner thread: 0x0000021b877b6d30

Heap address: 0x00000000fc000000, size: 64 MB, Compressed Oops mode: 32-bit

CDS archive(s) not mapped
Compressed class space mapped at: 0x0000000100000000-0x0000000140000000, reserved size: 1073741824
Narrow klass base: 0x0000000000000000, Narrow klass shift: 3, Narrow klass range: 0x140000000

GC Precious Log:
 CPUs: 4 total, 4 available
 Memory: 12151M
 Large Page Support: Disabled
 NUMA Support: Disabled
 Compressed Oops: Enabled (32-bit)
 Heap Region Size: 1M
 Heap Min Capacity: 64M
 Heap Initial Capacity: 64M
 Heap Max Capacity: 64M
 Pre-touch: Disabled
 Parallel Workers: 4
 Concurrent Workers: 1
 Concurrent Refinement Workers: 4
 Periodic GC: Disabled

Heap:
 garbage-first heap   total 65536K, used 23667K [0x00000000fc000000, 0x0000000100000000)
  region size 1024K, 15 young (15360K), 2 survivors (2048K)
 Metaspace       used 14933K, committed 15168K, reserved 1114112K
  class space    used 1786K, committed 1920K, reserved 1048576K

Heap Regions: E=young(eden), S=young(survivor), O=old, HS=humongous(starts), HC=humongous(continues), CS=collection set, F=free, OA=open archive, CA=closed archive, TAMS=top-at-mark-start (previous, next)
|   0|0x00000000fc000000, 0x00000000fc100000, 0x00000000fc100000|100%| O|  |TAMS 0x00000000fc000000, 0x00000000fc000000| Untracked 
|   1|0x00000000fc100000, 0x00000000fc200000, 0x00000000fc200000|100%| O|  |TAMS 0x00000000fc100000, 0x00000000fc100000| Untracked 
|   2|0x00000000fc200000, 0x00000000fc300000, 0x00000000fc300000|100%|HS|  |TAMS 0x00000000fc200000, 0x00000000fc200000| Complete 
|   3|0x00000000fc300000, 0x00000000fc400000, 0x00000000fc400000|100%|HC|  |TAMS 0x00000000fc300000, 0x00000000fc300000| Complete 
|   4|0x00000000fc400000, 0x00000000fc500000, 0x00000000fc500000|100%|HC|  |TAMS 0x00000000fc400000, 0x00000000fc400000| Complete 
|   5|0x00000000fc500000, 0x00000000fc600000, 0x00000000fc600000|100%|HC|  |TAMS 0x00000000fc500000, 0x00000000fc500000| Complete 
|   6|0x00000000fc600000, 0x00000000fc700000, 0x00000000fc700000|100%| O|  |TAMS 0x00000000fc600000, 0x00000000fc600000| Untracked 
|   7|0x00000000fc700000, 0x00000000fc800000, 0x00000000fc800000|100%| O|  |TAMS 0x00000000fc700000, 0x00000000fc700000| Untracked 
|   8|0x00000000fc800000, 0x00000000fc900000, 0x00000000fc900000|100%| O|  |TAMS 0x00000000fc800000, 0x00000000fc800000| Untracked 
|   9|0x00000000fc900000, 0x00000000fc91cc00, 0x00000000fca00000| 11%| O|  |TAMS 0x00000000fc900000, 0x00000000fc900000| Untracked 
|  10|0x00000000fca00000, 0x00000000fca00000, 0x00000000fcb00000|  0%| F|  |TAMS 0x00000000fca00000, 0x00000000fca00000| Untracked 
|  11|0x00000000fcb00000, 0x00000000fcb00000, 0x00000000fcc00000|  0%| F|  |TAMS 0x00000000fcb00000, 0x00000000fcb00000| Untracked 
|  12|0x00000000fcc00000, 0x00000000fcc00000, 0x00000000fcd00000|  0%| F|  |TAMS 0x00000000fcc00000, 0x00000000fcc00000| Untracked 
|  13|0x00000000fcd00000, 0x00000000fcd00000, 0x00000000fce00000|  0%| F|  |TAMS 0x00000000fcd00000, 0x00000000fcd00000| Untracked 
|  14|0x00000000fce00000, 0x00000000fce00000, 0x00000000fcf00000|  0%| F|  |TAMS 0x00000000fce00000, 0x00000000fce00000| Untracked 
|  15|0x00000000fcf00000, 0x00000000fcf00000, 0x00000000fd000000|  0%| F|  |TAMS 0x00000000fcf00000, 0x00000000fcf00000| Untracked 
|  16|0x00000000fd000000, 0x00000000fd000000, 0x00000000fd100000|  0%| F|  |TAMS 0x00000000fd000000, 0x00000000fd000000| Untracked 
|  17|0x00000000fd100000, 0x00000000fd100000, 0x00000000fd200000|  0%| F|  |TAMS 0x00000000fd100000, 0x00000000fd100000| Untracked 
|  18|0x00000000fd200000, 0x00000000fd200000, 0x00000000fd300000|  0%| F|  |TAMS 0x00000000fd200000, 0x00000000fd200000| Untracked 
|  19|0x00000000fd300000, 0x00000000fd300000, 0x00000000fd400000|  0%| F|  |TAMS 0x00000000fd300000, 0x00000000fd300000| Untracked 
|  20|0x00000000fd400000, 0x00000000fd400000, 0x00000000fd500000|  0%| F|  |TAMS 0x00000000fd400000, 0x00000000fd400000| Untracked 
|  21|0x00000000fd500000, 0x00000000fd500000, 0x00000000fd600000|  0%| F|  |TAMS 0x00000000fd500000, 0x00000000fd500000| Untracked 
|  22|0x00000000fd600000, 0x00000000fd600000, 0x00000000fd700000|  0%| F|  |TAMS 0x00000000fd600000, 0x00000000fd600000| Untracked 
|  23|0x00000000fd700000, 0x00000000fd700000, 0x00000000fd800000|  0%| F|  |TAMS 0x00000000fd700000, 0x00000000fd700000| Untracked 
|  24|0x00000000fd800000, 0x00000000fd800000, 0x00000000fd900000|  0%| F|  |TAMS 0x00000000fd800000, 0x00000000fd800000| Untracked 
|  25|0x00000000fd900000, 0x00000000fd900000, 0x00000000fda00000|  0%| F|  |TAMS 0x00000000fd900000, 0x00000000fd900000| Untracked 
|  26|0x00000000fda00000, 0x00000000fda00000, 0x00000000fdb00000|  0%| F|  |TAMS 0x00000000fda00000, 0x00000000fda00000| Untracked 
|  27|0x00000000fdb00000, 0x00000000fdb00000, 0x00000000fdc00000|  0%| F|  |TAMS 0x00000000fdb00000, 0x00000000fdb00000| Untracked 
|  28|0x00000000fdc00000, 0x00000000fdc00000, 0x00000000fdd00000|  0%| F|  |TAMS 0x00000000fdc00000, 0x00000000fdc00000| Untracked 
|  29|0x00000000fdd00000, 0x00000000fdd00000, 0x00000000fde00000|  0%| F|  |TAMS 0x00000000fdd00000, 0x00000000fdd00000| Untracked 
|  30|0x00000000fde00000, 0x00000000fde00000, 0x00000000fdf00000|  0%| F|  |TAMS 0x00000000fde00000, 0x00000000fde00000| Untracked 
|  31|0x00000000fdf00000, 0x00000000fdf00000, 0x00000000fe000000|  0%| F|  |TAMS 0x00000000fdf00000, 0x00000000fdf00000| Untracked 
|  32|0x00000000fe000000, 0x00000000fe000000, 0x00000000fe100000|  0%| F|  |TAMS 0x00000000fe000000, 0x00000000fe000000| Untracked 
|  33|0x00000000fe100000, 0x00000000fe100000, 0x00000000fe200000|  0%| F|  |TAMS 0x00000000fe100000, 0x00000000fe100000| Untracked 
|  34|0x00000000fe200000, 0x00000000fe200000, 0x00000000fe300000|  0%| F|  |TAMS 0x00000000fe200000, 0x00000000fe200000| Untracked 
|  35|0x00000000fe300000, 0x00000000fe300000, 0x00000000fe400000|  0%| F|  |TAMS 0x00000000fe300000, 0x00000000fe300000| Untracked 
|  36|0x00000000fe400000, 0x00000000fe400000, 0x00000000fe500000|  0%| F|  |TAMS 0x00000000fe400000, 0x00000000fe400000| Untracked 
|  37|0x00000000fe500000, 0x00000000fe500000, 0x00000000fe600000|  0%| F|  |TAMS 0x00000000fe500000, 0x00000000fe500000| Untracked 
|  38|0x00000000fe600000, 0x00000000fe600000, 0x00000000fe700000|  0%| F|  |TAMS 0x00000000fe600000, 0x00000000fe600000| Untracked 
|  39|0x00000000fe700000, 0x00000000fe700000, 0x00000000fe800000|  0%| F|  |TAMS 0x00000000fe700000, 0x00000000fe700000| Untracked 
|  40|0x00000000fe800000, 0x00000000fe800000, 0x00000000fe900000|  0%| F|  |TAMS 0x00000000fe800000, 0x00000000fe800000| Untracked 
|  41|0x00000000fe900000, 0x00000000fe900000, 0x00000000fea00000|  0%| F|  |TAMS 0x00000000fe900000, 0x00000000fe900000| Untracked 
|  42|0x00000000fea00000, 0x00000000fea00000, 0x00000000feb00000|  0%| F|  |TAMS 0x00000000fea00000, 0x00000000fea00000| Untracked 
|  43|0x00000000feb00000, 0x00000000feb00000, 0x00000000fec00000|  0%| F|  |TAMS 0x00000000feb00000, 0x00000000feb00000| Untracked 
|  44|0x00000000fec00000, 0x00000000fec00000, 0x00000000fed00000|  0%| F|  |TAMS 0x00000000fec00000, 0x00000000fec00000| Untracked 
|  45|0x00000000fed00000, 0x00000000fed00000, 0x00000000fee00000|  0%| F|  |TAMS 0x00000000fed00000, 0x00000000fed00000| Untracked 
|  46|0x00000000fee00000, 0x00000000fef00000, 0x00000000fef00000|100%| S|CS|TAMS 0x00000000fee00000, 0x00000000fee00000| Complete 
|  47|0x00000000fef00000, 0x00000000ff000000, 0x00000000ff000000|100%| S|CS|TAMS 0x00000000fef00000, 0x00000000fef00000| Complete 
|  48|0x00000000ff000000, 0x00000000ff000000, 0x00000000ff100000|  0%| F|  |TAMS 0x00000000ff000000, 0x00000000ff000000| Untracked 
|  49|0x00000000ff100000, 0x00000000ff100000, 0x00000000ff200000|  0%| F|  |TAMS 0x00000000ff100000, 0x00000000ff100000| Untracked 
|  50|0x00000000ff200000, 0x00000000ff200000, 0x00000000ff300000|  0%| F|  |TAMS 0x00000000ff200000, 0x00000000ff200000| Untracked 
|  51|0x00000000ff300000, 0x00000000ff374ad0, 0x00000000ff400000| 45%| E|  |TAMS 0x00000000ff300000, 0x00000000ff300000| Complete 
|  52|0x00000000ff400000, 0x00000000ff500000, 0x00000000ff500000|100%| E|CS|TAMS 0x00000000ff400000, 0x00000000ff400000| Complete 
|  53|0x00000000ff500000, 0x00000000ff600000, 0x00000000ff600000|100%| E|CS|TAMS 0x00000000ff500000, 0x00000000ff500000| Complete 
|  54|0x00000000ff600000, 0x00000000ff700000, 0x00000000ff700000|100%| E|CS|TAMS 0x00000000ff600000, 0x00000000ff600000| Complete 
|  55|0x00000000ff700000, 0x00000000ff800000, 0x00000000ff800000|100%| E|CS|TAMS 0x00000000ff700000, 0x00000000ff700000| Complete 
|  56|0x00000000ff800000, 0x00000000ff900000, 0x00000000ff900000|100%| E|CS|TAMS 0x00000000ff800000, 0x00000000ff800000| Complete 
|  57|0x00000000ff900000, 0x00000000ffa00000, 0x00000000ffa00000|100%| E|CS|TAMS 0x00000000ff900000, 0x00000000ff900000| Complete 
|  58|0x00000000ffa00000, 0x00000000ffb00000, 0x00000000ffb00000|100%| E|CS|TAMS 0x00000000ffa00000, 0x00000000ffa00000| Complete 
|  59|0x00000000ffb00000, 0x00000000ffc00000, 0x00000000ffc00000|100%| E|CS|TAMS 0x00000000ffb00000, 0x00000000ffb00000| Complete 
|  60|0x00000000ffc00000, 0x00000000ffd00000, 0x00000000ffd00000|100%| E|CS|TAMS 0x00000000ffc00000, 0x00000000ffc00000| Complete 
|  61|0x00000000ffd00000, 0x00000000ffe00000, 0x00000000ffe00000|100%| E|CS|TAMS 0x00000000ffd00000, 0x00000000ffd00000| Complete 
|  62|0x00000000ffe00000, 0x00000000fff00000, 0x00000000fff00000|100%| E|CS|TAMS 0x00000000ffe00000, 0x00000000ffe00000| Complete 
|  63|0x00000000fff00000, 0x0000000100000000, 0x0000000100000000|100%| E|CS|TAMS 0x00000000fff00000, 0x00000000fff00000| Complete 

Card table byte_map: [0x0000021b856b0000,0x0000021b856d0000] _byte_map_base: 0x0000021b84ed0000

Marking Bits (Prev, Next): (CMBitMap*) 0x0000021b877d7db0, (CMBitMap*) 0x0000021b877d7df0
 Prev Bits: [0x0000021b875d0000, 0x0000021b876d0000)
 Next Bits: [0x0000021b99ba0000, 0x0000021b99ca0000)

Polling page: 0x0000021b85660000

Metaspace:

Usage:
  Non-class:     12.84 MB used.
      Class:      1.74 MB used.
       Both:     14.58 MB used.

Virtual space:
  Non-class space:       64.00 MB reserved,      12.94 MB ( 20%) committed,  1 nodes.
      Class space:        1.00 GB reserved,       1.88 MB ( <1%) committed,  1 nodes.
             Both:        1.06 GB reserved,      14.81 MB (  1%) committed. 

Chunk freelists:
   Non-Class:  2.67 MB
       Class:  13.97 MB
        Both:  16.64 MB

MaxMetaspaceSize: unlimited
CompressedClassSpaceSize: 1.00 GB
Initial GC threshold: 21.00 MB
Current GC threshold: 21.00 MB
CDS: off
MetaspaceReclaimPolicy: balanced
 - commit_granule_bytes: 65536.
 - commit_granule_words: 8192.
 - virtual_space_node_default_size: 8388608.
 - enlarge_chunks_in_place: 1.
 - new_chunks_are_fully_committed: 0.
 - uncommit_free_chunks: 1.
 - use_allocation_guard: 0.
 - handle_deallocations: 1.


Internal statistics:

num_allocs_failed_limit: 0.
num_arena_births: 74.
num_arena_deaths: 0.
num_vsnodes_births: 2.
num_vsnodes_deaths: 0.
num_space_committed: 237.
num_space_uncommitted: 0.
num_chunks_returned_to_freelist: 0.
num_chunks_taken_from_freelist: 294.
num_chunk_merges: 0.
num_chunk_splits: 191.
num_chunks_enlarged: 154.
num_inconsistent_stats: 0.

CodeHeap 'non-profiled nmethods': size=120000Kb used=573Kb max_used=573Kb free=119427Kb
 bounds [0x0000021b92670000, 0x0000021b928e0000, 0x0000021b99ba0000]
CodeHeap 'profiled nmethods': size=120000Kb used=2718Kb max_used=2718Kb free=117281Kb
 bounds [0x0000021b8aba0000, 0x0000021b8ae50000, 0x0000021b920d0000]
CodeHeap 'non-nmethods': size=5760Kb used=1167Kb max_used=1193Kb free=4593Kb
 bounds [0x0000021b920d0000, 0x0000021b92340000, 0x0000021b92670000]
 total_blobs=1839 nmethods=1375 adapters=377
 compilation: enabled
              stopped_count=0, restarted_count=0
 full_count=0

Compilation events (20 events):
Event: 177.326 Thread 0x0000021b9c270d10 nmethod 1368 0x0000021b8ae44490 code [0x0000021b8ae44620, 0x0000021b8ae44718]
Event: 177.326 Thread 0x0000021b9c270d10 1372       3       org.gradle.internal.io.StreamByteBuffer$StreamByteBufferChunk::write (32 bytes)
Event: 177.326 Thread 0x0000021b9c270d10 nmethod 1372 0x0000021b8ae44790 code [0x0000021b8ae44940, 0x0000021b8ae44af8]
Event: 177.326 Thread 0x0000021b9c270d10 1369       3       org.gradle.internal.io.StreamByteBuffer$StreamByteBufferOutputStream::write (22 bytes)
Event: 177.326 Thread 0x0000021b9c270d10 nmethod 1369 0x0000021b8ae44c10 code [0x0000021b8ae44dc0, 0x0000021b8ae44f78]
Event: 177.326 Thread 0x0000021b9c270d10 1370       3       org.gradle.internal.io.StreamByteBuffer::allocateSpace (73 bytes)
Event: 177.327 Thread 0x0000021b9c270d10 nmethod 1370 0x0000021b8ae45110 code [0x0000021b8ae45320, 0x0000021b8ae45a68]
Event: 177.328 Thread 0x0000021b9c270d10 1371       3       org.gradle.internal.io.StreamByteBuffer$StreamByteBufferChunk::spaceLeft (10 bytes)
Event: 177.328 Thread 0x0000021b9c270d10 nmethod 1371 0x0000021b8ae45d10 code [0x0000021b8ae45ea0, 0x0000021b8ae45fb8]
Event: 177.329 Thread 0x0000021b9c270d10 1373       3       org.gradle.internal.stream.EncodedStream$EncodedOutput::write (33 bytes)
Event: 177.329 Thread 0x0000021b9c270d10 nmethod 1373 0x0000021b8ae46090 code [0x0000021b8ae46260, 0x0000021b8ae465f8]
Event: 177.331 Thread 0x0000021b9c270d10 1374       3       java.lang.invoke.MethodHandles$Lookup::checkSymbolicClass (25 bytes)
Event: 177.331 Thread 0x0000021b9c270260 1375       4       java.lang.StringBuilder::toString (35 bytes)
Event: 177.331 Thread 0x0000021b9c270d10 nmethod 1374 0x0000021b8ae46790 code [0x0000021b8ae46960, 0x0000021b8ae46bc8]
Event: 177.338 Thread 0x0000021b9c270260 nmethod 1375 0x0000021b926fe090 code [0x0000021b926fe220, 0x0000021b926fe6b8]
Event: 177.338 Thread 0x0000021b9c270260 1376       4       java.lang.String::replace (42 bytes)
Event: 177.351 Thread 0x0000021b9c270d10 1377       3       sun.nio.fs.WindowsPath::elementAsString (62 bytes)
Event: 177.353 Thread 0x0000021b9c270d10 nmethod 1377 0x0000021b8ae46d10 code [0x0000021b8ae46f20, 0x0000021b8ae473c8]
Event: 177.357 Thread 0x0000021b9c270d10 1378       3       java.util.regex.Pattern::has (15 bytes)
Event: 177.358 Thread 0x0000021b9c270d10 nmethod 1378 0x0000021b8ae47710 code [0x0000021b8ae478a0, 0x0000021b8ae47a18]

GC Heap History (4 events):
Event: 64.697 GC heap before
{Heap before GC invocations=0 (full 0):
 garbage-first heap   total 65536K, used 12288K [0x00000000fc000000, 0x0000000100000000)
  region size 1024K, 13 young (13312K), 0 survivors (0K)
 Metaspace       used 7151K, committed 7360K, reserved 1114112K
  class space    used 689K, committed 768K, reserved 1048576K
}
Event: 65.413 GC heap after
{Heap after GC invocations=1 (full 0):
 garbage-first heap   total 65536K, used 3400K [0x00000000fc000000, 0x0000000100000000)
  region size 1024K, 2 young (2048K), 2 survivors (2048K)
 Metaspace       used 7151K, committed 7360K, reserved 1114112K
  class space    used 689K, committed 768K, reserved 1048576K
}
Event: 134.096 GC heap before
{Heap before GC invocations=1 (full 0):
 garbage-first heap   total 65536K, used 20808K [0x00000000fc000000, 0x0000000100000000)
  region size 1024K, 16 young (16384K), 2 survivors (2048K)
 Metaspace       used 11085K, committed 11328K, reserved 1114112K
  class space    used 1304K, committed 1408K, reserved 1048576K
}
Event: 134.102 GC heap after
{Heap after GC invocations=2 (full 0):
 garbage-first heap   total 65536K, used 11379K [0x00000000fc000000, 0x0000000100000000)
  region size 1024K, 2 young (2048K), 2 survivors (2048K)
 Metaspace       used 11085K, committed 11328K, reserved 1114112K
  class space    used 1304K, committed 1408K, reserved 1048576K
}

Dll operation events (10 events):
Event: 5.924 Loaded shared library C:\Program Files\OpenLogic\jre-17.0.8.7-hotspot\bin\java.dll
Event: 8.837 Loaded shared library C:\Program Files\OpenLogic\jre-17.0.8.7-hotspot\bin\jsvml.dll
Event: 17.978 Loaded shared library C:\Program Files\OpenLogic\jre-17.0.8.7-hotspot\bin\net.dll
Event: 17.982 Loaded shared library C:\Program Files\OpenLogic\jre-17.0.8.7-hotspot\bin\nio.dll
Event: 18.492 Loaded shared library C:\Program Files\OpenLogic\jre-17.0.8.7-hotspot\bin\zip.dll
Event: 43.471 Loaded shared library C:\Program Files\OpenLogic\jre-17.0.8.7-hotspot\bin\jimage.dll
Event: 66.545 Loaded shared library C:\Program Files\OpenLogic\jre-17.0.8.7-hotspot\bin\verify.dll
Event: 129.338 Loaded shared library C:\Users\hp\.gradle\native\68d5fa5c4cc2d200863cafc0d521ce42e7d3e7ee720ec0a83991735586a16f82\windows-amd64\native-platform.dll
Event: 134.711 Loaded shared library C:\Program Files\OpenLogic\jre-17.0.8.7-hotspot\bin\management.dll
Event: 134.716 Loaded shared library C:\Program Files\OpenLogic\jre-17.0.8.7-hotspot\bin\management_ext.dll

Deoptimization events (20 events):
Event: 173.293 Thread 0x0000021b877b6d30 DEOPT PACKING pc=0x0000021b926c9090 sp=0x0000002ced2fbf10
Event: 173.293 Thread 0x0000021b877b6d30 DEOPT UNPACKING pc=0x0000021b921269a3 sp=0x0000002ced2fbe88 mode 2
Event: 174.729 Thread 0x0000021b877b6d30 DEOPT PACKING pc=0x0000021b8ac4e7b7 sp=0x0000002ced2fc530
Event: 174.729 Thread 0x0000021b877b6d30 DEOPT UNPACKING pc=0x0000021b92127143 sp=0x0000002ced2fb9f8 mode 0
Event: 174.732 Thread 0x0000021b877b6d30 DEOPT PACKING pc=0x0000021b8ac4e7b7 sp=0x0000002ced2fc530
Event: 174.732 Thread 0x0000021b877b6d30 DEOPT UNPACKING pc=0x0000021b92127143 sp=0x0000002ced2fb9f8 mode 0
Event: 174.734 Thread 0x0000021b877b6d30 DEOPT PACKING pc=0x0000021b8ac4e7b7 sp=0x0000002ced2fc530
Event: 174.734 Thread 0x0000021b877b6d30 DEOPT UNPACKING pc=0x0000021b92127143 sp=0x0000002ced2fb9f8 mode 0
Event: 174.736 Thread 0x0000021b877b6d30 DEOPT PACKING pc=0x0000021b8ac4e7b7 sp=0x0000002ced2fc530
Event: 174.736 Thread 0x0000021b877b6d30 DEOPT UNPACKING pc=0x0000021b92127143 sp=0x0000002ced2fb9f8 mode 0
Event: 174.740 Thread 0x0000021b877b6d30 DEOPT PACKING pc=0x0000021b8ac4e7b7 sp=0x0000002ced2fc530
Event: 174.740 Thread 0x0000021b877b6d30 DEOPT UNPACKING pc=0x0000021b92127143 sp=0x0000002ced2fb9f8 mode 0
Event: 174.743 Thread 0x0000021b877b6d30 DEOPT PACKING pc=0x0000021b8ac4e7b7 sp=0x0000002ced2fc530
Event: 174.743 Thread 0x0000021b877b6d30 DEOPT UNPACKING pc=0x0000021b92127143 sp=0x0000002ced2fb9f8 mode 0
Event: 174.745 Thread 0x0000021b877b6d30 DEOPT PACKING pc=0x0000021b8ac4e7b7 sp=0x0000002ced2fc530
Event: 174.745 Thread 0x0000021b877b6d30 DEOPT UNPACKING pc=0x0000021b92127143 sp=0x0000002ced2fb9f8 mode 0
Event: 175.095 Thread 0x0000021b877b6d30 DEOPT PACKING pc=0x0000021b8ac56909 sp=0x0000002ced2fc460
Event: 175.095 Thread 0x0000021b877b6d30 DEOPT UNPACKING pc=0x0000021b92127143 sp=0x0000002ced2fb958 mode 0
Event: 176.628 Thread 0x0000021b877b6d30 DEOPT PACKING pc=0x0000021b8adb3408 sp=0x0000002ced2fc6e0
Event: 176.628 Thread 0x0000021b877b6d30 DEOPT UNPACKING pc=0x0000021b92127143 sp=0x0000002ced2fbbe8 mode 0

Classes unloaded (0 events):
No events

Classes redefined (0 events):
No events

Internal exceptions (16 events):
Event: 25.108 Thread 0x0000021b877b6d30 Exception <a 'java/lang/NoSuchMethodError'{0x00000000ffc66cf0}: 'int java.lang.invoke.DirectMethodHandle$Holder.invokeStaticInit(java.lang.Object, java.lang.Object)'> (0x00000000ffc66cf0) 
thrown [s\src\hotspot\share\interpreter\linkResolver.cpp, line 759]
Event: 127.510 Thread 0x0000021b877b6d30 Exception <a 'java/lang/NoSuchMethodError'{0x00000000ff8b1b50}: 'void java.lang.invoke.DirectMethodHandle$Holder.invokeStatic(java.lang.Object, java.lang.Object)'> (0x00000000ff8b1b50) 
thrown [s\src\hotspot\share\interpreter\linkResolver.cpp, line 759]
Event: 128.093 Thread 0x0000021b877b6d30 Exception <a 'java/lang/NoClassDefFoundError'{0x00000000ff736d30}: org/slf4j/impl/StaticMarkerBinder> (0x00000000ff736d30) 
thrown [s\src\hotspot\share\classfile\systemDictionary.cpp, line 245]
Event: 128.654 Thread 0x0000021b877b6d30 Exception <a 'java/lang/NoSuchMethodError'{0x00000000ff7d28f8}: 'java.lang.Object java.lang.invoke.DirectMethodHandle$Holder.invokeVirtual(java.lang.Object, java.lang.Object, java.lang.Object, java.lang.Object, java.lang.Object, java.lang.Object, java.lang.Object)'> (0x00000000ff7d28f8) 
thrown [s\src\hotspot\share\interpreter\linkResolver.cpp, line 759]
Event: 128.657 Thread 0x0000021b877b6d30 Exception <a 'java/lang/NoSuchMethodError'{0x00000000ff7e3ee8}: 'java.lang.Object java.lang.invoke.Invokers$Holder.invoker(java.lang.Object, java.lang.Object, java.lang.Object)'> (0x00000000ff7e3ee8) 
thrown [s\src\hotspot\share\interpreter\linkResolver.cpp, line 759]
Event: 128.662 Thread 0x0000021b877b6d30 Exception <a 'java/lang/NoSuchMethodError'{0x00000000ff7ed1e0}: 'java.lang.Object java.lang.invoke.DirectMethodHandle$Holder.invokeStatic(java.lang.Object, java.lang.Object, int)'> (0x00000000ff7ed1e0) 
thrown [s\src\hotspot\share\interpreter\linkResolver.cpp, line 759]
Event: 128.667 Thread 0x0000021b877b6d30 Exception <a 'java/lang/NoSuchMethodError'{0x00000000ff7f8ed0}: 'void java.lang.invoke.DelegatingMethodHandle$Holder.delegate(java.lang.Object, java.lang.Object, int, java.lang.Object)'> (0x00000000ff7f8ed0) 
thrown [s\src\hotspot\share\interpreter\linkResolver.cpp, line 759]
Event: 128.668 Thread 0x0000021b877b6d30 Exception <a 'java/lang/NoSuchMethodError'{0x00000000ff7fd018}: 'int java.lang.invoke.DirectMethodHandle$Holder.invokeSpecial(java.lang.Object, java.lang.Object, java.lang.Object)'> (0x00000000ff7fd018) 
thrown [s\src\hotspot\share\interpreter\linkResolver.cpp, line 759]
Event: 128.674 Thread 0x0000021b877b6d30 Exception <a 'java/lang/NoSuchMethodError'{0x00000000ff610898}: 'java.lang.Object java.lang.invoke.Invokers$Holder.invokeExact_MT(java.lang.Object, java.lang.Object, java.lang.Object, java.lang.Object)'> (0x00000000ff610898) 
thrown [s\src\hotspot\share\interpreter\linkResolver.cpp, line 759]
Event: 133.635 Thread 0x0000021b877b6d30 Exception <a 'java/lang/NoSuchMethodError'{0x00000000ff030240}: 'void java.lang.invoke.DirectMethodHandle$Holder.invokeSpecial(java.lang.Object, java.lang.Object, java.lang.Object)'> (0x00000000ff030240) 
thrown [s\src\hotspot\share\interpreter\linkResolver.cpp, line 759]
Event: 133.672 Thread 0x0000021b877b6d30 Implicit null exception at 0x0000021b926c6a0c to 0x0000021b926c6e70
Event: 133.672 Thread 0x0000021b877b6d30 Implicit null exception at 0x0000021b926ad213 to 0x0000021b926ad648
Event: 134.709 Thread 0x0000021b877b6d30 Exception <a 'java/lang/NoSuchMethodError'{0x00000000fffce990}: 'java.lang.Object java.lang.invoke.DirectMethodHandle$Holder.invokeStaticInit(java.lang.Object)'> (0x00000000fffce990) 
thrown [s\src\hotspot\share\interpreter\linkResolver.cpp, line 759]
Event: 137.584 Thread 0x0000021b877b6d30 Exception <a 'java/lang/NoSuchMethodError'{0x00000000ffa1f4d8}: 'java.lang.Object java.lang.invoke.DirectMethodHandle$Holder.invokeStaticInit(java.lang.Object, int, int, int, int)'> (0x00000000ffa1f4d8) 
thrown [s\src\hotspot\share\interpreter\linkResolver.cpp, line 759]
Event: 141.551 Thread 0x0000021b877b6d30 Exception <a 'java/lang/NoSuchMethodError'{0x00000000ffa50c30}: 'java.lang.Object java.lang.invoke.DirectMethodHandle$Holder.invokeStaticInit(java.lang.Object, java.lang.Object, int, int, int, int)'> (0x00000000ffa50c30) 
thrown [s\src\hotspot\share\interpreter\linkResolver.cpp, line 759]
Event: 158.466 Thread 0x0000021b877b6d30 Exception <a 'java/lang/NoSuchMethodError'{0x00000000ffa7d228}: 'void java.lang.invoke.DirectMethodHandle$Holder.invokeStatic(java.lang.Object, java.lang.Object, java.lang.Object)'> (0x00000000ffa7d228) 
thrown [s\src\hotspot\share\interpreter\linkResolver.cpp, line 759]

VM Operations (20 events):
Event: 162.314 Executing VM operation: Cleanup
Event: 162.314 Executing VM operation: Cleanup done
Event: 163.325 Executing VM operation: Cleanup
Event: 163.325 Executing VM operation: Cleanup done
Event: 164.341 Executing VM operation: Cleanup
Event: 164.341 Executing VM operation: Cleanup done
Event: 165.354 Executing VM operation: Cleanup
Event: 165.354 Executing VM operation: Cleanup done
Event: 166.362 Executing VM operation: Cleanup
Event: 166.362 Executing VM operation: Cleanup done
Event: 169.379 Executing VM operation: Cleanup
Event: 169.379 Executing VM operation: Cleanup done
Event: 173.409 Executing VM operation: Cleanup
Event: 173.976 Executing VM operation: Cleanup done
Event: 174.986 Executing VM operation: Cleanup
Event: 175.082 Executing VM operation: Cleanup done
Event: 176.087 Executing VM operation: Cleanup
Event: 176.087 Executing VM operation: Cleanup done
Event: 177.092 Executing VM operation: Cleanup
Event: 177.323 Executing VM operation: Cleanup done

Events (20 events):
Event: 173.287 loading class java/time/temporal/ChronoField
Event: 173.291 loading class java/time/temporal/TemporalField
Event: 173.291 loading class java/time/temporal/TemporalField done
Event: 173.291 loading class java/time/temporal/ChronoField done
Event: 173.292 loading class java/time/temporal/ValueRange
Event: 173.292 loading class java/time/temporal/ValueRange done
Event: 173.293 loading class java/time/LocalTime
Event: 173.293 loading class java/time/LocalTime done
Event: 173.294 loading class sun/util/cldr/CLDRBaseLocaleDataMetaInfo$TZCanonicalIDMapHolder
Event: 173.295 loading class sun/util/cldr/CLDRBaseLocaleDataMetaInfo$TZCanonicalIDMapHolder done
Event: 173.297 loading class sun/util/resources/TimeZoneNames
Event: 173.298 loading class sun/util/resources/TimeZoneNames done
Event: 173.299 loading class sun/util/resources/TimeZoneNames_en
Event: 173.299 loading class sun/util/resources/TimeZoneNames_en done
Event: 177.061 loading class java/nio/charset/CharacterCodingException
Event: 177.061 loading class java/nio/charset/CharacterCodingException done
Event: 177.345 loading class java/util/ArrayList$SubList$1
Event: 177.346 loading class java/util/ArrayList$SubList$1 done
Event: 177.361 loading class java/util/concurrent/CountDownLatch
Event: 177.361 loading class java/util/concurrent/CountDownLatch done


Dynamic libraries:
0x00007ff65b5a0000 - 0x00007ff65b5ae000 	C:\Program Files\OpenLogic\jre-17.0.8.7-hotspot\bin\java.exe
0x00007ff9b69f0000 - 0x00007ff9b6be8000 	C:\Windows\SYSTEM32\ntdll.dll
0x00007ff9b6720000 - 0x00007ff9b67dd000 	C:\Windows\System32\KERNEL32.DLL
0x00007ff9b4720000 - 0x00007ff9b4a16000 	C:\Windows\System32\KERNELBASE.dll
0x00007ff9b4410000 - 0x00007ff9b4510000 	C:\Windows\System32\ucrtbase.dll
0x00007ff9a0fc0000 - 0x00007ff9a0fdb000 	C:\Program Files\OpenLogic\jre-17.0.8.7-hotspot\bin\VCRUNTIME140.dll
0x00007ff9a0fe0000 - 0x00007ff9a0ff7000 	C:\Program Files\OpenLogic\jre-17.0.8.7-hotspot\bin\jli.dll
0x00007ff9b67e0000 - 0x00007ff9b697e000 	C:\Windows\System32\USER32.dll
0x00007ff9b43e0000 - 0x00007ff9b4402000 	C:\Windows\System32\win32u.dll
0x00007ff9b6980000 - 0x00007ff9b69ac000 	C:\Windows\System32\GDI32.dll
0x00007ff9b4510000 - 0x00007ff9b462a000 	C:\Windows\System32\gdi32full.dll
0x00007ff9b4630000 - 0x00007ff9b46cd000 	C:\Windows\System32\msvcp_win.dll
0x00007ff9a3010000 - 0x00007ff9a32aa000 	C:\Windows\WinSxS\amd64_microsoft.windows.common-controls_6595b64144ccf1df_6.0.19041.3636_none_60b6a03d71f818d5\COMCTL32.dll
0x00007ff9b6470000 - 0x00007ff9b650e000 	C:\Windows\System32\msvcrt.dll
0x00007ff9b62d0000 - 0x00007ff9b6300000 	C:\Windows\System32\IMM32.DLL
0x00007ff9a1230000 - 0x00007ff9a123c000 	C:\Program Files\OpenLogic\jre-17.0.8.7-hotspot\bin\vcruntime140_1.dll
0x00007ff984510000 - 0x00007ff98459d000 	C:\Program Files\OpenLogic\jre-17.0.8.7-hotspot\bin\msvcp140.dll
0x00007ff934e20000 - 0x00007ff935a82000 	C:\Program Files\OpenLogic\jre-17.0.8.7-hotspot\bin\server\jvm.dll
0x00007ff9b6220000 - 0x00007ff9b62cf000 	C:\Windows\System32\ADVAPI32.dll
0x00007ff9b4c90000 - 0x00007ff9b4d2c000 	C:\Windows\System32\sechost.dll
0x00007ff9b5500000 - 0x00007ff9b5626000 	C:\Windows\System32\RPCRT4.dll
0x00007ff9b3680000 - 0x00007ff9b36cb000 	C:\Windows\SYSTEM32\POWRPROF.dll
0x00007ff9a1210000 - 0x00007ff9a1219000 	C:\Windows\SYSTEM32\WSOCK32.dll
0x00007ff9b6300000 - 0x00007ff9b636b000 	C:\Windows\System32\WS2_32.dll
0x00007ff99e620000 - 0x00007ff99e647000 	C:\Windows\SYSTEM32\WINMM.dll
0x00007ff9ad380000 - 0x00007ff9ad38a000 	C:\Windows\SYSTEM32\VERSION.dll
0x00007ff9b34f0000 - 0x00007ff9b3502000 	C:\Windows\SYSTEM32\UMPDC.dll
0x00007ff9b1f90000 - 0x00007ff9b1fa2000 	C:\Windows\SYSTEM32\kernel.appcore.dll
0x00007ff9a0fb0000 - 0x00007ff9a0fba000 	C:\Program Files\OpenLogic\jre-17.0.8.7-hotspot\bin\jimage.dll
0x00007ff98ef40000 - 0x00007ff98f124000 	C:\Windows\SYSTEM32\DBGHELP.DLL
0x00007ff98ef00000 - 0x00007ff98ef34000 	C:\Windows\SYSTEM32\dbgcore.DLL
0x00007ff9b4230000 - 0x00007ff9b42b2000 	C:\Windows\System32\bcryptPrimitives.dll
0x00007ff9844e0000 - 0x00007ff984505000 	C:\Program Files\OpenLogic\jre-17.0.8.7-hotspot\bin\java.dll
0x00007ff9a0f90000 - 0x00007ff9a0fa8000 	C:\Program Files\OpenLogic\jre-17.0.8.7-hotspot\bin\zip.dll
0x00007ff97ce80000 - 0x00007ff97cf56000 	C:\Program Files\OpenLogic\jre-17.0.8.7-hotspot\bin\jsvml.dll
0x00007ff9b4d30000 - 0x00007ff9b5474000 	C:\Windows\System32\SHELL32.dll
0x00007ff9b2190000 - 0x00007ff9b292b000 	C:\Windows\SYSTEM32\windows.storage.dll
0x00007ff9b5ce0000 - 0x00007ff9b6034000 	C:\Windows\System32\combase.dll
0x00007ff9b3b10000 - 0x00007ff9b3b3d000 	C:\Windows\SYSTEM32\Wldp.dll
0x00007ff9b5630000 - 0x00007ff9b56dd000 	C:\Windows\System32\SHCORE.dll
0x00007ff9b66c0000 - 0x00007ff9b6715000 	C:\Windows\System32\shlwapi.dll
0x00007ff9b4000000 - 0x00007ff9b4025000 	C:\Windows\SYSTEM32\profapi.dll
0x00007ff99c510000 - 0x00007ff99c529000 	C:\Program Files\OpenLogic\jre-17.0.8.7-hotspot\bin\net.dll
0x00007ff9a6c60000 - 0x00007ff9a6d6a000 	C:\Windows\SYSTEM32\WINHTTP.dll
0x00007ff9b3870000 - 0x00007ff9b38da000 	C:\Windows\system32\mswsock.dll
0x00007ff988820000 - 0x00007ff988836000 	C:\Program Files\OpenLogic\jre-17.0.8.7-hotspot\bin\nio.dll
0x00007ff9abf00000 - 0x00007ff9abf10000 	C:\Program Files\OpenLogic\jre-17.0.8.7-hotspot\bin\verify.dll
0x00007ff923370000 - 0x00007ff923397000 	C:\Users\hp\.gradle\native\68d5fa5c4cc2d200863cafc0d521ce42e7d3e7ee720ec0a83991735586a16f82\windows-amd64\native-platform.dll
0x00007ff99c680000 - 0x00007ff99c689000 	C:\Program Files\OpenLogic\jre-17.0.8.7-hotspot\bin\management.dll
0x00007ff9877d0000 - 0x00007ff9877db000 	C:\Program Files\OpenLogic\jre-17.0.8.7-hotspot\bin\management_ext.dll
0x00007ff9b5b60000 - 0x00007ff9b5b68000 	C:\Windows\System32\PSAPI.DLL
0x00007ff9b3a70000 - 0x00007ff9b3a88000 	C:\Windows\SYSTEM32\CRYPTSP.dll
0x00007ff9b3130000 - 0x00007ff9b3164000 	C:\Windows\system32\rsaenh.dll
0x00007ff9b4a20000 - 0x00007ff9b4a47000 	C:\Windows\System32\bcrypt.dll
0x00007ff9b3fc0000 - 0x00007ff9b3fee000 	C:\Windows\SYSTEM32\USERENV.dll
0x00007ff9b3a60000 - 0x00007ff9b3a6c000 	C:\Windows\SYSTEM32\CRYPTBASE.dll
0x00007ff9b3510000 - 0x00007ff9b354b000 	C:\Windows\SYSTEM32\IPHLPAPI.DLL
0x00007ff9b6390000 - 0x00007ff9b6398000 	C:\Windows\System32\NSI.dll
0x00007ff9ab390000 - 0x00007ff9ab3a7000 	C:\Windows\SYSTEM32\dhcpcsvc6.DLL
0x00007ff9ab4e0000 - 0x00007ff9ab4fd000 	C:\Windows\SYSTEM32\dhcpcsvc.DLL
0x00007ff9b3560000 - 0x00007ff9b362a000 	C:\Windows\SYSTEM32\DNSAPI.dll

dbghelp: loaded successfully - version: 4.0.5 - missing functions: none
symbol engine: initialized successfully - sym options: 0x614 - pdb path: .;C:\Program Files\OpenLogic\jre-17.0.8.7-hotspot\bin;C:\Windows\SYSTEM32;C:\Windows\WinSxS\amd64_microsoft.windows.common-controls_6595b64144ccf1df_6.0.19041.3636_none_60b6a03d71f818d5;C:\Program Files\OpenLogic\jre-17.0.8.7-hotspot\bin\server;C:\Users\hp\.gradle\native\68d5fa5c4cc2d200863cafc0d521ce42e7d3e7ee720ec0a83991735586a16f82\windows-amd64

VM Arguments:
jvm_args: -Xmx64m -Xms64m -Dorg.gradle.appname=gradlew 
java_command: org.gradle.wrapper.GradleWrapperMain tasks
java_class_path (initial): E:\Ceiyone\android\\gradle\wrapper\gradle-wrapper.jar
Launcher Type: SUN_STANDARD

[Global flags]
     intx CICompilerCount                          = 3                                         {product} {ergonomic}
     uint ConcGCThreads                            = 1                                         {product} {ergonomic}
     uint G1ConcRefinementThreads                  = 4                                         {product} {ergonomic}
   size_t G1HeapRegionSize                         = 1048576                                   {product} {ergonomic}
    uintx GCDrainStackTargetSize                   = 64                                        {product} {ergonomic}
   size_t InitialHeapSize                          = 67108864                                  {product} {command line}
   size_t MarkStackSize                            = 4194304                                   {product} {ergonomic}
   size_t MaxHeapSize                              = 67108864                                  {product} {command line}
   size_t MaxNewSize                               = 39845888                                  {product} {ergonomic}
   size_t MinHeapDeltaBytes                        = 1048576                                   {product} {ergonomic}
   size_t MinHeapSize                              = 67108864                                  {product} {command line}
    uintx NonNMethodCodeHeapSize                   = 5832780                                {pd product} {ergonomic}
    uintx NonProfiledCodeHeapSize                  = 122912730                              {pd product} {ergonomic}
    uintx ProfiledCodeHeapSize                     = 122912730                              {pd product} {ergonomic}
    uintx ReservedCodeCacheSize                    = 251658240                              {pd product} {ergonomic}
     bool SegmentedCodeCache                       = true                                      {product} {ergonomic}
   size_t SoftMaxHeapSize                          = 67108864                               {manageable} {ergonomic}
     bool UseCompressedClassPointers               = true                           {product lp64_product} {ergonomic}
     bool UseCompressedOops                        = true                           {product lp64_product} {ergonomic}
     bool UseG1GC                                  = true                                      {product} {ergonomic}
     bool UseLargePagesIndividualAllocation        = false                                  {pd product} {ergonomic}

Logging:
Log output configuration:
 #0: stdout all=warning uptime,level,tags
 #1: stderr all=off uptime,level,tags

Environment Variables:
JAVA_HOME=C:\Program Files\OpenLogic\jre-17.0.8.7-hotspot\
CLASSPATH=E:\Ceiyone\android\\gradle\wrapper\gradle-wrapper.jar
PATH=E:\Ceiyone\node_modules\.bin;E:\Ceiyone\node_modules\.bin;E:\node_modules\.bin;C:\Users\hp\AppData\Roaming\npm\node_modules\npm\node_modules\@npmcli\run-script\lib\node-gyp-bin;E:\Ceiyone\node_modules\.bin;E:\node_modules\.bin;C:\Users\hp\AppData\Roaming\npm\node_modules\npm\node_modules\@npmcli\run-script\lib\node-gyp-bin;C:\Program Files\OpenLogic\jre-17.0.8.7-hotspot\bin;C:\Windows\system32;C:\Windows;C:\Windows\System32\Wbem;C:\Windows\System32\WindowsPowerShell\v1.0\;C:\Windows\System32\OpenSSH\;C:\Users\hp\AppData\Local\Android\Sdk;C:\Users\hp\AppData\Local\Android\Sdk\platform-tools;C:\Program Files\nodejs\;C:\Program Files\nodejs\;C:\Users\hp\AppData\Roming\npm;C:\Program Files\Git\cmd;C:\Users\hp\AppData\Local\Microsoft\WindowsApps;C:\Users\hp\AppData\Local\Android\Sdk\platform-tools;C:\Users\hp\AppData\Local\Android\Sdk\emulator;C:\Users\hp\AppData\Local\Android\Sdk\tools;C:\Users\hp\AppData\Local\Android\Sdk\tools\bin;C:\Users\hp\AppData\Local\Android\Sdk;C:\Users\hp\AppData\Roaming\npm;C:\Users\hp\AppData\Local\Programs\Microsoft VS Code\bin
USERNAME=hp
OS=Windows_NT
PROCESSOR_IDENTIFIER=Intel64 Family 6 Model 142 Stepping 9, GenuineIntel
TMP=C:\Users\hp\AppData\Local\Temp
TEMP=C:\Users\hp\AppData\Local\Temp



---------------  S Y S T E M  ---------------

OS:
 Windows 10 , 64 bit Build 19041 (10.0.19041.3636)
OS uptime: 0 days 0:30 hours

CPU: total 4 (initial active 4) (2 cores per cpu, 2 threads per core) family 6 model 142 stepping 9 microcode 0xf0, cx8, cmov, fxsr, ht, mmx, 3dnowpref, sse, sse2, sse3, ssse3, sse4.1, sse4.2, popcnt, lzcnt, tsc, tscinvbit, avx, avx2, aes, erms, clmul, bmi1, bmi2, adx, fma, vzeroupper, clflush, clflushopt
Processor Information for all 4 processors :
  Max Mhz: 2400, Current Mhz: 2400, Mhz Limit: 2400

Memory: 4k page, system-wide physical 12151M (487M free)
TotalPageFile size 41879M (AvailPageFile size 301M)
current process WorkingSet (physical memory assigned to process): 77M, peak: 80M
current process commit charge ("private bytes"): 152M, peak: 152M

vm_info: OpenJDK 64-Bit Server VM (17.0.8+7-adhoc..jdk17u) for windows-amd64 JRE (17.0.8+7-adhoc..jdk17u), built on Jul 19 2023 10:43:49 by "" with MS VC++ 16.10 / 16.11 (VS2019)

END.
