#
# There is insufficient memory for the Java Runtime Environment to continue.
# Native memory allocation (malloc) failed to allocate 74816 bytes for Chunk::new
# Possible reasons:
#   The system is out of physical RAM or swap space
#   The process is running with CompressedOops enabled, and the Java Heap may be blocking the growth of the native heap
# Possible solutions:
#   Reduce memory load on the system
#   Increase physical memory or swap space
#   Check if swap backing store is full
#   Decrease Java heap size (-Xmx/-Xms)
#   Decrease number of Java threads
#   Decrease Java thread stack sizes (-Xss)
#   Set larger code cache with -XX:ReservedCodeCacheSize=
#   JVM is running with Unscaled Compressed Oops mode in which the Java heap is
#     placed in the first 4GB address space. The Java Heap base address is the
#     maximum limit for the native heap growth. Please use -XX:HeapBaseMinAddress
#     to set the Java Heap base and to place the Java Heap above 4GB virtual address.
# This output file may be truncated or incomplete.
#
#  Out of Memory Error (arena.cpp:189), pid=21080, tid=27828
#
# JRE version: OpenJDK Runtime Environment OpenLogic-OpenJDK (17.0.8+7) (build 17.0.8+7-adhoc..jdk17u)
# Java VM: OpenJDK 64-Bit Server VM OpenLogic-OpenJDK (17.0.8+7-adhoc..jdk17u, mixed mode, tiered, compressed oops, compressed class ptrs, g1 gc, windows-amd64)
# No core dump will be written. Minidumps are not enabled by default on client versions of Windows
#

---------------  S U M M A R Y ------------

Command Line: -Xmx64m -Xms64m -Dorg.gradle.appname=gradlew org.gradle.wrapper.GradleWrapperMain tasks

Host: Intel(R) Core(TM) i3-7100U CPU @ 2.40GHz, 4 cores, 11G,  Windows 10 , 64 bit Build 19041 (10.0.19041.3636)
Time: Thu Nov 30 09:09:30 2023 India Standard Time elapsed time: 84.003261 seconds (0d 0h 1m 24s)

---------------  T H R E A D  ---------------

Current thread (0x0000024fe1a901a0):  JavaThread "C2 CompilerThread0" daemon [_thread_in_native, id=27828, stack(0x0000009597000000,0x0000009597100000)]


Current CompileTask:
C2:  84003  747       4       java.util.zip.ZipCoder::hash (36 bytes)

Stack: [0x0000009597000000,0x0000009597100000]
Native frames: (J=compiled Java code, j=interpreted, Vv=VM code, C=native code)
V  [jvm.dll+0x679dda]
V  [jvm.dll+0x8378c4]
V  [jvm.dll+0x83906e]
V  [jvm.dll+0x8396d3]
V  [jvm.dll+0x24775f]
V  [jvm.dll+0xac3ac]
V  [jvm.dll+0xac97c]
V  [jvm.dll+0x2aeb9f]
V  [jvm.dll+0x582527]
V  [jvm.dll+0x222982]
V  [jvm.dll+0x222d5f]
V  [jvm.dll+0x21be55]
V  [jvm.dll+0x21930b]
V  [jvm.dll+0x1a568d]
V  [jvm.dll+0x2290ea]
V  [jvm.dll+0x22714c]
V  [jvm.dll+0x7ed5bc]
V  [jvm.dll+0x7e79ea]
V  [jvm.dll+0x678c25]
C  [ucrtbase.dll+0x21bb2]
C  [KERNEL32.DLL+0x17344]
C  [ntdll.dll+0x526b1]


---------------  P R O C E S S  ---------------

Threads class SMR info:
_java_thread_list=0x0000024fe1c47f20, length=12, elements={
0x0000024fccfd7070, 0x0000024fe1a4a740, 0x0000024fe1a4b5c0, 0x0000024fe1a8a130,
0x0000024fe1a8afb0, 0x0000024fe1a8eaf0, 0x0000024fe1a8f4b0, 0x0000024fe1a901a0,
0x0000024fe1aee710, 0x0000024fe1aef4c0, 0x0000024fe1c69b50, 0x0000024fe1c83420
}

Java Threads: ( => current thread )
  0x0000024fccfd7070 JavaThread "main" [_thread_in_vm, id=27692, stack(0x0000009596300000,0x0000009596400000)]
  0x0000024fe1a4a740 JavaThread "Reference Handler" daemon [_thread_blocked, id=28432, stack(0x0000009596a00000,0x0000009596b00000)]
  0x0000024fe1a4b5c0 JavaThread "Finalizer" daemon [_thread_blocked, id=28436, stack(0x0000009596b00000,0x0000009596c00000)]
  0x0000024fe1a8a130 JavaThread "Signal Dispatcher" daemon [_thread_blocked, id=24880, stack(0x0000009596c00000,0x0000009596d00000)]
  0x0000024fe1a8afb0 JavaThread "Attach Listener" daemon [_thread_blocked, id=27288, stack(0x0000009596d00000,0x0000009596e00000)]
  0x0000024fe1a8eaf0 JavaThread "Service Thread" daemon [_thread_blocked, id=27296, stack(0x0000009596e00000,0x0000009596f00000)]
  0x0000024fe1a8f4b0 JavaThread "Monitor Deflation Thread" daemon [_thread_blocked, id=27248, stack(0x0000009596f00000,0x0000009597000000)]
=>0x0000024fe1a901a0 JavaThread "C2 CompilerThread0" daemon [_thread_in_native, id=27828, stack(0x0000009597000000,0x0000009597100000)]
  0x0000024fe1aee710 JavaThread "C1 CompilerThread0" daemon [_thread_blocked, id=23604, stack(0x0000009597100000,0x0000009597200000)]
  0x0000024fe1aef4c0 JavaThread "Sweeper thread" daemon [_thread_blocked, id=28724, stack(0x0000009597200000,0x0000009597300000)]
  0x0000024fe1c69b50 JavaThread "Notification Thread" daemon [_thread_blocked, id=28900, stack(0x0000009597300000,0x0000009597400000)]
  0x0000024fe1c83420 JavaThread "Common-Cleaner" daemon [_thread_blocked, id=28908, stack(0x0000009597500000,0x0000009597600000)]

Other Threads:
  0x0000024fe1a341d0 VMThread "VM Thread" [stack: 0x0000009596900000,0x0000009596a00000] [id=28336]
  0x0000024fe1c6b450 WatcherThread [stack: 0x0000009597400000,0x0000009597500000] [id=28904]
  0x0000024fccff78e0 GCTaskThread "GC Thread#0" [stack: 0x0000009596400000,0x0000009596500000] [id=27840]
  0x0000024fe1f82bf0 GCTaskThread "GC Thread#1" [stack: 0x0000009596100000,0x0000009596200000] [id=24512]
  0x0000024fe6151c90 GCTaskThread "GC Thread#2" [stack: 0x0000009596200000,0x0000009596300000] [id=11680]
  0x0000024fe605f730 GCTaskThread "GC Thread#3" [stack: 0x0000009597600000,0x0000009597700000] [id=22968]
  0x0000024fccff9030 ConcurrentGCThread "G1 Main Marker" [stack: 0x0000009596500000,0x0000009596600000] [id=27844]
  0x0000024fccff9a40 ConcurrentGCThread "G1 Conc#0" [stack: 0x0000009596600000,0x0000009596700000] [id=27848]
  0x0000024fcd0463c0 ConcurrentGCThread "G1 Refine#0" [stack: 0x0000009596700000,0x0000009596800000] [id=27852]
  0x0000024fcd047e00 ConcurrentGCThread "G1 Service" [stack: 0x0000009596800000,0x0000009596900000] [id=27856]

Threads with active compile tasks:
C2 CompilerThread0    84050  747       4       java.util.zip.ZipCoder::hash (36 bytes)

VM state: not at safepoint (normal execution)

VM Mutex/Monitor currently owned by a thread: None

Heap address: 0x00000000fc000000, size: 64 MB, Compressed Oops mode: 32-bit

CDS archive(s) not mapped
Compressed class space mapped at: 0x0000000100000000-0x0000000140000000, reserved size: 1073741824
Narrow klass base: 0x0000000000000000, Narrow klass shift: 3, Narrow klass range: 0x140000000

GC Precious Log:
 CPUs: 4 total, 4 available
 Memory: 12151M
 Large Page Support: Disabled
 NUMA Support: Disabled
 Compressed Oops: Enabled (32-bit)
 Heap Region Size: 1M
 Heap Min Capacity: 64M
 Heap Initial Capacity: 64M
 Heap Max Capacity: 64M
 Pre-touch: Disabled
 Parallel Workers: 4
 Concurrent Workers: 1
 Concurrent Refinement Workers: 4
 Periodic GC: Disabled

Heap:
 garbage-first heap   total 65536K, used 12677K [0x00000000fc000000, 0x0000000100000000)
  region size 1024K, 9 young (9216K), 2 survivors (2048K)
 Metaspace       used 8765K, committed 8960K, reserved 1114112K
  class space    used 907K, committed 1024K, reserved 1048576K

Heap Regions: E=young(eden), S=young(survivor), O=old, HS=humongous(starts), HC=humongous(continues), CS=collection set, F=free, OA=open archive, CA=closed archive, TAMS=top-at-mark-start (previous, next)
|   0|0x00000000fc000000, 0x00000000fc100000, 0x00000000fc100000|100%| O|  |TAMS 0x00000000fc000000, 0x00000000fc000000| Untracked 
|   1|0x00000000fc100000, 0x00000000fc161400, 0x00000000fc200000| 37%| O|  |TAMS 0x00000000fc100000, 0x00000000fc100000| Untracked 
|   2|0x00000000fc200000, 0x00000000fc300000, 0x00000000fc300000|100%|HS|  |TAMS 0x00000000fc200000, 0x00000000fc200000| Complete 
|   3|0x00000000fc300000, 0x00000000fc400000, 0x00000000fc400000|100%|HC|  |TAMS 0x00000000fc300000, 0x00000000fc300000| Complete 
|   4|0x00000000fc400000, 0x00000000fc500000, 0x00000000fc500000|100%|HC|  |TAMS 0x00000000fc400000, 0x00000000fc400000| Complete 
|   5|0x00000000fc500000, 0x00000000fc600000, 0x00000000fc600000|100%|HC|  |TAMS 0x00000000fc500000, 0x00000000fc500000| Complete 
|   6|0x00000000fc600000, 0x00000000fc600000, 0x00000000fc700000|  0%| F|  |TAMS 0x00000000fc600000, 0x00000000fc600000| Untracked 
|   7|0x00000000fc700000, 0x00000000fc700000, 0x00000000fc800000|  0%| F|  |TAMS 0x00000000fc700000, 0x00000000fc700000| Untracked 
|   8|0x00000000fc800000, 0x00000000fc800000, 0x00000000fc900000|  0%| F|  |TAMS 0x00000000fc800000, 0x00000000fc800000| Untracked 
|   9|0x00000000fc900000, 0x00000000fc900000, 0x00000000fca00000|  0%| F|  |TAMS 0x00000000fc900000, 0x00000000fc900000| Untracked 
|  10|0x00000000fca00000, 0x00000000fca00000, 0x00000000fcb00000|  0%| F|  |TAMS 0x00000000fca00000, 0x00000000fca00000| Untracked 
|  11|0x00000000fcb00000, 0x00000000fcb00000, 0x00000000fcc00000|  0%| F|  |TAMS 0x00000000fcb00000, 0x00000000fcb00000| Untracked 
|  12|0x00000000fcc00000, 0x00000000fcc00000, 0x00000000fcd00000|  0%| F|  |TAMS 0x00000000fcc00000, 0x00000000fcc00000| Untracked 
|  13|0x00000000fcd00000, 0x00000000fcd00000, 0x00000000fce00000|  0%| F|  |TAMS 0x00000000fcd00000, 0x00000000fcd00000| Untracked 
|  14|0x00000000fce00000, 0x00000000fce00000, 0x00000000fcf00000|  0%| F|  |TAMS 0x00000000fce00000, 0x00000000fce00000| Untracked 
|  15|0x00000000fcf00000, 0x00000000fcf00000, 0x00000000fd000000|  0%| F|  |TAMS 0x00000000fcf00000, 0x00000000fcf00000| Untracked 
|  16|0x00000000fd000000, 0x00000000fd000000, 0x00000000fd100000|  0%| F|  |TAMS 0x00000000fd000000, 0x00000000fd000000| Untracked 
|  17|0x00000000fd100000, 0x00000000fd100000, 0x00000000fd200000|  0%| F|  |TAMS 0x00000000fd100000, 0x00000000fd100000| Untracked 
|  18|0x00000000fd200000, 0x00000000fd200000, 0x00000000fd300000|  0%| F|  |TAMS 0x00000000fd200000, 0x00000000fd200000| Untracked 
|  19|0x00000000fd300000, 0x00000000fd300000, 0x00000000fd400000|  0%| F|  |TAMS 0x00000000fd300000, 0x00000000fd300000| Untracked 
|  20|0x00000000fd400000, 0x00000000fd400000, 0x00000000fd500000|  0%| F|  |TAMS 0x00000000fd400000, 0x00000000fd400000| Untracked 
|  21|0x00000000fd500000, 0x00000000fd500000, 0x00000000fd600000|  0%| F|  |TAMS 0x00000000fd500000, 0x00000000fd500000| Untracked 
|  22|0x00000000fd600000, 0x00000000fd600000, 0x00000000fd700000|  0%| F|  |TAMS 0x00000000fd600000, 0x00000000fd600000| Untracked 
|  23|0x00000000fd700000, 0x00000000fd700000, 0x00000000fd800000|  0%| F|  |TAMS 0x00000000fd700000, 0x00000000fd700000| Untracked 
|  24|0x00000000fd800000, 0x00000000fd800000, 0x00000000fd900000|  0%| F|  |TAMS 0x00000000fd800000, 0x00000000fd800000| Untracked 
|  25|0x00000000fd900000, 0x00000000fd900000, 0x00000000fda00000|  0%| F|  |TAMS 0x00000000fd900000, 0x00000000fd900000| Untracked 
|  26|0x00000000fda00000, 0x00000000fda00000, 0x00000000fdb00000|  0%| F|  |TAMS 0x00000000fda00000, 0x00000000fda00000| Untracked 
|  27|0x00000000fdb00000, 0x00000000fdb00000, 0x00000000fdc00000|  0%| F|  |TAMS 0x00000000fdb00000, 0x00000000fdb00000| Untracked 
|  28|0x00000000fdc00000, 0x00000000fdc00000, 0x00000000fdd00000|  0%| F|  |TAMS 0x00000000fdc00000, 0x00000000fdc00000| Untracked 
|  29|0x00000000fdd00000, 0x00000000fdd00000, 0x00000000fde00000|  0%| F|  |TAMS 0x00000000fdd00000, 0x00000000fdd00000| Untracked 
|  30|0x00000000fde00000, 0x00000000fde00000, 0x00000000fdf00000|  0%| F|  |TAMS 0x00000000fde00000, 0x00000000fde00000| Untracked 
|  31|0x00000000fdf00000, 0x00000000fdf00000, 0x00000000fe000000|  0%| F|  |TAMS 0x00000000fdf00000, 0x00000000fdf00000| Untracked 
|  32|0x00000000fe000000, 0x00000000fe000000, 0x00000000fe100000|  0%| F|  |TAMS 0x00000000fe000000, 0x00000000fe000000| Untracked 
|  33|0x00000000fe100000, 0x00000000fe100000, 0x00000000fe200000|  0%| F|  |TAMS 0x00000000fe100000, 0x00000000fe100000| Untracked 
|  34|0x00000000fe200000, 0x00000000fe200000, 0x00000000fe300000|  0%| F|  |TAMS 0x00000000fe200000, 0x00000000fe200000| Untracked 
|  35|0x00000000fe300000, 0x00000000fe300000, 0x00000000fe400000|  0%| F|  |TAMS 0x00000000fe300000, 0x00000000fe300000| Untracked 
|  36|0x00000000fe400000, 0x00000000fe400000, 0x00000000fe500000|  0%| F|  |TAMS 0x00000000fe400000, 0x00000000fe400000| Untracked 
|  37|0x00000000fe500000, 0x00000000fe500000, 0x00000000fe600000|  0%| F|  |TAMS 0x00000000fe500000, 0x00000000fe500000| Untracked 
|  38|0x00000000fe600000, 0x00000000fe600000, 0x00000000fe700000|  0%| F|  |TAMS 0x00000000fe600000, 0x00000000fe600000| Untracked 
|  39|0x00000000fe700000, 0x00000000fe700000, 0x00000000fe800000|  0%| F|  |TAMS 0x00000000fe700000, 0x00000000fe700000| Untracked 
|  40|0x00000000fe800000, 0x00000000fe800000, 0x00000000fe900000|  0%| F|  |TAMS 0x00000000fe800000, 0x00000000fe800000| Untracked 
|  41|0x00000000fe900000, 0x00000000fe900000, 0x00000000fea00000|  0%| F|  |TAMS 0x00000000fe900000, 0x00000000fe900000| Untracked 
|  42|0x00000000fea00000, 0x00000000fea00000, 0x00000000feb00000|  0%| F|  |TAMS 0x00000000fea00000, 0x00000000fea00000| Untracked 
|  43|0x00000000feb00000, 0x00000000feb00000, 0x00000000fec00000|  0%| F|  |TAMS 0x00000000feb00000, 0x00000000feb00000| Untracked 
|  44|0x00000000fec00000, 0x00000000fec00000, 0x00000000fed00000|  0%| F|  |TAMS 0x00000000fec00000, 0x00000000fec00000| Untracked 
|  45|0x00000000fed00000, 0x00000000fed00000, 0x00000000fee00000|  0%| F|  |TAMS 0x00000000fed00000, 0x00000000fed00000| Untracked 
|  46|0x00000000fee00000, 0x00000000fee00000, 0x00000000fef00000|  0%| F|  |TAMS 0x00000000fee00000, 0x00000000fee00000| Untracked 
|  47|0x00000000fef00000, 0x00000000fef00000, 0x00000000ff000000|  0%| F|  |TAMS 0x00000000fef00000, 0x00000000fef00000| Untracked 
|  48|0x00000000ff000000, 0x00000000ff000000, 0x00000000ff100000|  0%| F|  |TAMS 0x00000000ff000000, 0x00000000ff000000| Untracked 
|  49|0x00000000ff100000, 0x00000000ff200000, 0x00000000ff200000|100%| S|CS|TAMS 0x00000000ff100000, 0x00000000ff100000| Complete 
|  50|0x00000000ff200000, 0x00000000ff300000, 0x00000000ff300000|100%| S|CS|TAMS 0x00000000ff200000, 0x00000000ff200000| Complete 
|  51|0x00000000ff300000, 0x00000000ff300000, 0x00000000ff400000|  0%| F|  |TAMS 0x00000000ff300000, 0x00000000ff300000| Untracked 
|  52|0x00000000ff400000, 0x00000000ff400000, 0x00000000ff500000|  0%| F|  |TAMS 0x00000000ff400000, 0x00000000ff400000| Untracked 
|  53|0x00000000ff500000, 0x00000000ff500000, 0x00000000ff600000|  0%| F|  |TAMS 0x00000000ff500000, 0x00000000ff500000| Untracked 
|  54|0x00000000ff600000, 0x00000000ff600000, 0x00000000ff700000|  0%| F|  |TAMS 0x00000000ff600000, 0x00000000ff600000| Untracked 
|  55|0x00000000ff700000, 0x00000000ff700000, 0x00000000ff800000|  0%| F|  |TAMS 0x00000000ff700000, 0x00000000ff700000| Untracked 
|  56|0x00000000ff800000, 0x00000000ff800000, 0x00000000ff900000|  0%| F|  |TAMS 0x00000000ff800000, 0x00000000ff800000| Untracked 
|  57|0x00000000ff900000, 0x00000000ff94ff98, 0x00000000ffa00000| 31%| E|  |TAMS 0x00000000ff900000, 0x00000000ff900000| Complete 
|  58|0x00000000ffa00000, 0x00000000ffb00000, 0x00000000ffb00000|100%| E|CS|TAMS 0x00000000ffa00000, 0x00000000ffa00000| Complete 
|  59|0x00000000ffb00000, 0x00000000ffc00000, 0x00000000ffc00000|100%| E|CS|TAMS 0x00000000ffb00000, 0x00000000ffb00000| Complete 
|  60|0x00000000ffc00000, 0x00000000ffd00000, 0x00000000ffd00000|100%| E|CS|TAMS 0x00000000ffc00000, 0x00000000ffc00000| Complete 
|  61|0x00000000ffd00000, 0x00000000ffe00000, 0x00000000ffe00000|100%| E|  |TAMS 0x00000000ffd00000, 0x00000000ffd00000| Complete 
|  62|0x00000000ffe00000, 0x00000000fff00000, 0x00000000fff00000|100%| E|CS|TAMS 0x00000000ffe00000, 0x00000000ffe00000| Complete 
|  63|0x00000000fff00000, 0x0000000100000000, 0x0000000100000000|100%| E|CS|TAMS 0x00000000fff00000, 0x00000000fff00000| Complete 

Card table byte_map: [0x0000024fccdd0000,0x0000024fccdf0000] _byte_map_base: 0x0000024fcc5f0000

Marking Bits (Prev, Next): (CMBitMap*) 0x0000024fccff7f00, (CMBitMap*) 0x0000024fccff7f40
 Prev Bits: [0x0000024fcce10000, 0x0000024fccf10000)
 Next Bits: [0x0000024fdf3c0000, 0x0000024fdf4c0000)

Polling page: 0x0000024fcaf90000

Metaspace:

Usage:
  Non-class:      7.68 MB used.
      Class:    911.32 KB used.
       Both:      8.57 MB used.

Virtual space:
  Non-class space:       64.00 MB reserved,       7.75 MB ( 12%) committed,  1 nodes.
      Class space:        1.00 GB reserved,       1.00 MB ( <1%) committed,  1 nodes.
             Both:        1.06 GB reserved,       8.75 MB ( <1%) committed. 

Chunk freelists:
   Non-Class:  7.94 MB
       Class:  15.02 MB
        Both:  22.95 MB

MaxMetaspaceSize: unlimited
CompressedClassSpaceSize: 1.00 GB
Initial GC threshold: 21.00 MB
Current GC threshold: 21.00 MB
CDS: off
MetaspaceReclaimPolicy: balanced
 - commit_granule_bytes: 65536.
 - commit_granule_words: 8192.
 - virtual_space_node_default_size: 8388608.
 - enlarge_chunks_in_place: 1.
 - new_chunks_are_fully_committed: 0.
 - uncommit_free_chunks: 1.
 - use_allocation_guard: 0.
 - handle_deallocations: 1.


Internal statistics:

num_allocs_failed_limit: 0.
num_arena_births: 16.
num_arena_deaths: 0.
num_vsnodes_births: 2.
num_vsnodes_deaths: 0.
num_space_committed: 140.
num_space_uncommitted: 0.
num_chunks_returned_to_freelist: 0.
num_chunks_taken_from_freelist: 93.
num_chunk_merges: 0.
num_chunk_splits: 49.
num_chunks_enlarged: 39.
num_inconsistent_stats: 0.

CodeHeap 'non-profiled nmethods': size=120000Kb used=260Kb max_used=260Kb free=119739Kb
 bounds [0x0000024fd7e90000, 0x0000024fd8100000, 0x0000024fdf3c0000]
CodeHeap 'profiled nmethods': size=120000Kb used=1426Kb max_used=1426Kb free=118574Kb
 bounds [0x0000024fd03c0000, 0x0000024fd0630000, 0x0000024fd78f0000]
CodeHeap 'non-nmethods': size=5760Kb used=1121Kb max_used=1144Kb free=4638Kb
 bounds [0x0000024fd78f0000, 0x0000024fd7b60000, 0x0000024fd7e90000]
 total_blobs=1167 nmethods=762 adapters=318
 compilation: enabled
              stopped_count=0, restarted_count=0
 full_count=0

Compilation events (20 events):
Event: 83.742 Thread 0x0000024fe1aee710  737       1       java.lang.module.ModuleDescriptor::provides (5 bytes)
Event: 83.743 Thread 0x0000024fe1aee710 nmethod 737 0x0000024fd7ed0810 code [0x0000024fd7ed09a0, 0x0000024fd7ed0a78]
Event: 83.745 Thread 0x0000024fe1aee710  738       3       java.util.ImmutableCollections$SetN::iterator (9 bytes)
Event: 83.745 Thread 0x0000024fe1aee710 nmethod 738 0x0000024fd050d510 code [0x0000024fd050d6c0, 0x0000024fd050d868]
Event: 83.748 Thread 0x0000024fe1aee710  739       1       jdk.internal.jimage.ImageHeader::getTableLength (5 bytes)
Event: 83.748 Thread 0x0000024fe1aee710 nmethod 739 0x0000024fd7ed0b10 code [0x0000024fd7ed0ca0, 0x0000024fd7ed0d78]
Event: 83.749 Thread 0x0000024fe1aee710  740   !   3       java.nio.DirectIntBufferU::get (34 bytes)
Event: 83.750 Thread 0x0000024fe1aee710 nmethod 740 0x0000024fd050d910 code [0x0000024fd050db40, 0x0000024fd050e358]
Event: 83.750 Thread 0x0000024fe1aee710  741       3       java.nio.DirectIntBufferU::ix (10 bytes)
Event: 83.750 Thread 0x0000024fe1aee710 nmethod 741 0x0000024fd050e810 code [0x0000024fd050e9a0, 0x0000024fd050eab8]
Event: 83.750 Thread 0x0000024fe1aee710  742   !   3       jdk.internal.misc.ScopedMemoryAccess::getInt (20 bytes)
Event: 83.751 Thread 0x0000024fe1aee710 nmethod 742 0x0000024fd050eb90 code [0x0000024fd050ed60, 0x0000024fd050f1d8]
Event: 83.752 Thread 0x0000024fe1aee710  743       3       java.lang.Module::isNamed (13 bytes)
Event: 83.753 Thread 0x0000024fe1aee710 nmethod 743 0x0000024fd050f410 code [0x0000024fd050f5a0, 0x0000024fd050f718]
Event: 83.765 Thread 0x0000024fe1aee710  744       3       java.net.URLStreamHandler::toExternalForm (156 bytes)
Event: 83.767 Thread 0x0000024fe1aee710 nmethod 744 0x0000024fd050f790 code [0x0000024fd050fba0, 0x0000024fd0511318]
Event: 83.767 Thread 0x0000024fe1aee710  745   !   3       java.lang.String::<init> (843 bytes)
Event: 83.768 Thread 0x0000024fe1a901a0  747       4       java.util.zip.ZipCoder::hash (36 bytes)
Event: 84.001 Thread 0x0000024fe1aee710 nmethod 745 0x0000024fd0511a90 code [0x0000024fd0511fc0, 0x0000024fd0515018]
Event: 84.001 Thread 0x0000024fe1aee710  746       3       java.lang.Throwable::<init> (39 bytes)

GC Heap History (2 events):
Event: 59.456 GC heap before
{Heap before GC invocations=0 (full 0):
 garbage-first heap   total 65536K, used 12288K [0x00000000fc000000, 0x0000000100000000)
  region size 1024K, 13 young (13312K), 0 survivors (0K)
 Metaspace       used 7168K, committed 7360K, reserved 1114112K
  class space    used 689K, committed 768K, reserved 1048576K
}
Event: 60.486 GC heap after
{Heap after GC invocations=1 (full 0):
 garbage-first heap   total 65536K, used 3461K [0x00000000fc000000, 0x0000000100000000)
  region size 1024K, 2 young (2048K), 2 survivors (2048K)
 Metaspace       used 7168K, committed 7360K, reserved 1114112K
  class space    used 689K, committed 768K, reserved 1048576K
}

Dll operation events (7 events):
Event: 0.053 Loaded shared library C:\Program Files\OpenLogic\jre-17.0.8.7-hotspot\bin\java.dll
Event: 5.604 Loaded shared library C:\Program Files\OpenLogic\jre-17.0.8.7-hotspot\bin\jsvml.dll
Event: 14.776 Loaded shared library C:\Program Files\OpenLogic\jre-17.0.8.7-hotspot\bin\net.dll
Event: 15.124 Loaded shared library C:\Program Files\OpenLogic\jre-17.0.8.7-hotspot\bin\nio.dll
Event: 15.137 Loaded shared library C:\Program Files\OpenLogic\jre-17.0.8.7-hotspot\bin\zip.dll
Event: 43.222 Loaded shared library C:\Program Files\OpenLogic\jre-17.0.8.7-hotspot\bin\jimage.dll
Event: 60.524 Loaded shared library C:\Program Files\OpenLogic\jre-17.0.8.7-hotspot\bin\verify.dll

Deoptimization events (20 events):
Event: 58.798 Thread 0x0000024fccfd7070 Uncommon trap: trap_request=0xffffffde fr.pc=0x0000024fd7eb831c relative=0x0000000000000f1c
Event: 58.798 Thread 0x0000024fccfd7070 Uncommon trap: reason=class_check action=maybe_recompile pc=0x0000024fd7eb831c method=java.util.HashMap.putVal(ILjava/lang/Object;Ljava/lang/Object;ZZ)Ljava/lang/Object; @ 91 c2
Event: 58.798 Thread 0x0000024fccfd7070 DEOPT PACKING pc=0x0000024fd7eb831c sp=0x00000095963f9370
Event: 58.798 Thread 0x0000024fccfd7070 DEOPT UNPACKING pc=0x0000024fd79469a3 sp=0x00000095963f9300 mode 2
Event: 58.806 Thread 0x0000024fccfd7070 Uncommon trap: trap_request=0xffffffde fr.pc=0x0000024fd7eb83c8 relative=0x0000000000000fc8
Event: 58.806 Thread 0x0000024fccfd7070 Uncommon trap: reason=class_check action=maybe_recompile pc=0x0000024fd7eb83c8 method=java.util.HashMap.putVal(ILjava/lang/Object;Ljava/lang/Object;ZZ)Ljava/lang/Object; @ 203 c2
Event: 58.806 Thread 0x0000024fccfd7070 DEOPT PACKING pc=0x0000024fd7eb83c8 sp=0x00000095963f9370
Event: 58.806 Thread 0x0000024fccfd7070 DEOPT UNPACKING pc=0x0000024fd79469a3 sp=0x00000095963f9300 mode 2
Event: 60.509 Thread 0x0000024fccfd7070 DEOPT PACKING pc=0x0000024fd041b63f sp=0x00000095963f8890
Event: 60.509 Thread 0x0000024fccfd7070 DEOPT UNPACKING pc=0x0000024fd7947143 sp=0x00000095963f7d40 mode 0
Event: 77.517 Thread 0x0000024fccfd7070 Uncommon trap: trap_request=0xffffff45 fr.pc=0x0000024fd7ebe628 relative=0x0000000000000468
Event: 77.517 Thread 0x0000024fccfd7070 Uncommon trap: reason=unstable_if action=reinterpret pc=0x0000024fd7ebe628 method=java.util.zip.ZipCoder$UTF8ZipCoder.checkedHash([BII)I @ 27 c2
Event: 77.517 Thread 0x0000024fccfd7070 DEOPT PACKING pc=0x0000024fd7ebe628 sp=0x00000095963faf10
Event: 77.517 Thread 0x0000024fccfd7070 DEOPT UNPACKING pc=0x0000024fd79469a3 sp=0x00000095963fadd8 mode 2
Event: 77.517 Thread 0x0000024fccfd7070 Uncommon trap: trap_request=0xffffff45 fr.pc=0x0000024fd7e9b338 relative=0x00000000000001b8
Event: 77.517 Thread 0x0000024fccfd7070 Uncommon trap: reason=unstable_if action=reinterpret pc=0x0000024fd7e9b338 method=java.lang.String.hashCode()I @ 20 c2
Event: 77.517 Thread 0x0000024fccfd7070 DEOPT PACKING pc=0x0000024fd7e9b338 sp=0x00000095963fad10
Event: 77.517 Thread 0x0000024fccfd7070 DEOPT UNPACKING pc=0x0000024fd79469a3 sp=0x00000095963faca0 mode 2
Event: 81.019 Thread 0x0000024fccfd7070 DEOPT PACKING pc=0x0000024fd03c0282 sp=0x00000095963faf90
Event: 81.020 Thread 0x0000024fccfd7070 DEOPT UNPACKING pc=0x0000024fd7947143 sp=0x00000095963fa408 mode 0

Classes unloaded (0 events):
No events

Classes redefined (0 events):
No events

Internal exceptions (1 events):
Event: 20.910 Thread 0x0000024fccfd7070 Exception <a 'java/lang/NoSuchMethodError'{0x00000000ffc66ca0}: 'int java.lang.invoke.DirectMethodHandle$Holder.invokeStaticInit(java.lang.Object, java.lang.Object)'> (0x00000000ffc66ca0) 
thrown [s\src\hotspot\share\interpreter\linkResolver.cpp, line 759]

VM Operations (20 events):
Event: 60.486 Executing VM operation: HandshakeAllThreads
Event: 60.486 Executing VM operation: HandshakeAllThreads done
Event: 61.499 Executing VM operation: Cleanup
Event: 61.500 Executing VM operation: Cleanup done
Event: 63.530 Executing VM operation: Cleanup
Event: 63.530 Executing VM operation: Cleanup done
Event: 65.551 Executing VM operation: Cleanup
Event: 65.551 Executing VM operation: Cleanup done
Event: 72.615 Executing VM operation: Cleanup
Event: 72.615 Executing VM operation: Cleanup done
Event: 77.669 Executing VM operation: Cleanup
Event: 77.669 Executing VM operation: Cleanup done
Event: 78.681 Executing VM operation: Cleanup
Event: 78.681 Executing VM operation: Cleanup done
Event: 81.698 Executing VM operation: Cleanup
Event: 81.713 Executing VM operation: Cleanup done
Event: 82.715 Executing VM operation: Cleanup
Event: 83.375 Executing VM operation: Cleanup done
Event: 83.380 Executing VM operation: HandshakeAllThreads
Event: 83.380 Executing VM operation: HandshakeAllThreads done

Events (20 events):
Event: 83.751 loading class java/util/ServiceLoader$1
Event: 83.751 loading class java/util/ServiceLoader$1 done
Event: 83.751 loading class java/util/ServiceLoader$ProviderImpl
Event: 83.751 loading class java/util/ServiceLoader$Provider
Event: 83.751 loading class java/util/ServiceLoader$Provider done
Event: 83.751 loading class java/util/ServiceLoader$ProviderImpl done
Event: 83.752 loading class jdk/internal/logger/BootstrapLogger$LoggingBackend
Event: 83.752 loading class jdk/internal/logger/BootstrapLogger$LoggingBackend done
Event: 83.752 loading class jdk/internal/logger/BootstrapLogger$RedirectedLoggers
Event: 83.752 loading class jdk/internal/logger/BootstrapLogger$RedirectedLoggers done
Event: 83.752 loading class jdk/internal/logger/BootstrapLogger$BootstrapExecutors
Event: 83.752 loading class jdk/internal/logger/BootstrapLogger$BootstrapExecutors done
Event: 83.753 loading class java/util/logging/LogManager$4
Event: 83.753 loading class java/util/logging/LogManager$4 done
Event: 83.753 loading class java/util/logging/Logger$SystemLoggerHelper
Event: 83.753 loading class java/util/logging/Logger$SystemLoggerHelper done
Event: 83.753 loading class java/util/logging/Logger$SystemLoggerHelper$1
Event: 83.753 loading class java/util/logging/Logger$SystemLoggerHelper$1 done
Event: 83.753 loading class jdk/internal/logger/DefaultLoggerFinder$1
Event: 83.753 loading class jdk/internal/logger/DefaultLoggerFinder$1 done


Dynamic libraries:
0x00007ff65b5a0000 - 0x00007ff65b5ae000 	C:\Program Files\OpenLogic\jre-17.0.8.7-hotspot\bin\java.exe
0x00007ff9b69f0000 - 0x00007ff9b6be8000 	C:\Windows\SYSTEM32\ntdll.dll
0x00007ff9b6720000 - 0x00007ff9b67dd000 	C:\Windows\System32\KERNEL32.DLL
0x00007ff9b4720000 - 0x00007ff9b4a16000 	C:\Windows\System32\KERNELBASE.dll
0x00007ff9b4410000 - 0x00007ff9b4510000 	C:\Windows\System32\ucrtbase.dll
0x00007ff9a0fe0000 - 0x00007ff9a0ff7000 	C:\Program Files\OpenLogic\jre-17.0.8.7-hotspot\bin\jli.dll
0x00007ff9b67e0000 - 0x00007ff9b697e000 	C:\Windows\System32\USER32.dll
0x00007ff9b43e0000 - 0x00007ff9b4402000 	C:\Windows\System32\win32u.dll
0x00007ff9b6980000 - 0x00007ff9b69ac000 	C:\Windows\System32\GDI32.dll
0x00007ff9b4510000 - 0x00007ff9b462a000 	C:\Windows\System32\gdi32full.dll
0x00007ff9b4630000 - 0x00007ff9b46cd000 	C:\Windows\System32\msvcp_win.dll
0x00007ff9a0fc0000 - 0x00007ff9a0fdb000 	C:\Program Files\OpenLogic\jre-17.0.8.7-hotspot\bin\VCRUNTIME140.dll
0x00007ff9a3010000 - 0x00007ff9a32aa000 	C:\Windows\WinSxS\amd64_microsoft.windows.common-controls_6595b64144ccf1df_6.0.19041.3636_none_60b6a03d71f818d5\COMCTL32.dll
0x00007ff9b6470000 - 0x00007ff9b650e000 	C:\Windows\System32\msvcrt.dll
0x00007ff9b62d0000 - 0x00007ff9b6300000 	C:\Windows\System32\IMM32.DLL
0x00007ff9a1230000 - 0x00007ff9a123c000 	C:\Program Files\OpenLogic\jre-17.0.8.7-hotspot\bin\vcruntime140_1.dll
0x00007ff984510000 - 0x00007ff98459d000 	C:\Program Files\OpenLogic\jre-17.0.8.7-hotspot\bin\msvcp140.dll
0x00007ff934e20000 - 0x00007ff935a82000 	C:\Program Files\OpenLogic\jre-17.0.8.7-hotspot\bin\server\jvm.dll
0x00007ff9b6220000 - 0x00007ff9b62cf000 	C:\Windows\System32\ADVAPI32.dll
0x00007ff9b4c90000 - 0x00007ff9b4d2c000 	C:\Windows\System32\sechost.dll
0x00007ff9b5500000 - 0x00007ff9b5626000 	C:\Windows\System32\RPCRT4.dll
0x00007ff9b3680000 - 0x00007ff9b36cb000 	C:\Windows\SYSTEM32\POWRPROF.dll
0x00007ff9a1210000 - 0x00007ff9a1219000 	C:\Windows\SYSTEM32\WSOCK32.dll
0x00007ff9b6300000 - 0x00007ff9b636b000 	C:\Windows\System32\WS2_32.dll
0x00007ff99e620000 - 0x00007ff99e647000 	C:\Windows\SYSTEM32\WINMM.dll
0x00007ff9ad380000 - 0x00007ff9ad38a000 	C:\Windows\SYSTEM32\VERSION.dll
0x00007ff9b34f0000 - 0x00007ff9b3502000 	C:\Windows\SYSTEM32\UMPDC.dll
0x00007ff9b1f90000 - 0x00007ff9b1fa2000 	C:\Windows\SYSTEM32\kernel.appcore.dll
0x00007ff9a0fb0000 - 0x00007ff9a0fba000 	C:\Program Files\OpenLogic\jre-17.0.8.7-hotspot\bin\jimage.dll
0x00007ff98ef40000 - 0x00007ff98f124000 	C:\Windows\SYSTEM32\DBGHELP.DLL
0x00007ff98ef00000 - 0x00007ff98ef34000 	C:\Windows\SYSTEM32\dbgcore.DLL
0x00007ff9b4230000 - 0x00007ff9b42b2000 	C:\Windows\System32\bcryptPrimitives.dll
0x00007ff9844e0000 - 0x00007ff984505000 	C:\Program Files\OpenLogic\jre-17.0.8.7-hotspot\bin\java.dll
0x00007ff9a0f90000 - 0x00007ff9a0fa8000 	C:\Program Files\OpenLogic\jre-17.0.8.7-hotspot\bin\zip.dll
0x00007ff97ce80000 - 0x00007ff97cf56000 	C:\Program Files\OpenLogic\jre-17.0.8.7-hotspot\bin\jsvml.dll
0x00007ff9b4d30000 - 0x00007ff9b5474000 	C:\Windows\System32\SHELL32.dll
0x00007ff9b2190000 - 0x00007ff9b292b000 	C:\Windows\SYSTEM32\windows.storage.dll
0x00007ff9b5ce0000 - 0x00007ff9b6034000 	C:\Windows\System32\combase.dll
0x00007ff9b3b10000 - 0x00007ff9b3b3d000 	C:\Windows\SYSTEM32\Wldp.dll
0x00007ff9b5630000 - 0x00007ff9b56dd000 	C:\Windows\System32\SHCORE.dll
0x00007ff9b66c0000 - 0x00007ff9b6715000 	C:\Windows\System32\shlwapi.dll
0x00007ff9b4000000 - 0x00007ff9b4025000 	C:\Windows\SYSTEM32\profapi.dll
0x00007ff99c510000 - 0x00007ff99c529000 	C:\Program Files\OpenLogic\jre-17.0.8.7-hotspot\bin\net.dll
0x00007ff9a6c60000 - 0x00007ff9a6d6a000 	C:\Windows\SYSTEM32\WINHTTP.dll
0x00007ff9b3870000 - 0x00007ff9b38da000 	C:\Windows\system32\mswsock.dll
0x00007ff988820000 - 0x00007ff988836000 	C:\Program Files\OpenLogic\jre-17.0.8.7-hotspot\bin\nio.dll
0x00007ff9abf00000 - 0x00007ff9abf10000 	C:\Program Files\OpenLogic\jre-17.0.8.7-hotspot\bin\verify.dll

dbghelp: loaded successfully - version: 4.0.5 - missing functions: none
symbol engine: initialized successfully - sym options: 0x614 - pdb path: .;C:\Program Files\OpenLogic\jre-17.0.8.7-hotspot\bin;C:\Windows\SYSTEM32;C:\Windows\WinSxS\amd64_microsoft.windows.common-controls_6595b64144ccf1df_6.0.19041.3636_none_60b6a03d71f818d5;C:\Program Files\OpenLogic\jre-17.0.8.7-hotspot\bin\server

VM Arguments:
jvm_args: -Xmx64m -Xms64m -Dorg.gradle.appname=gradlew 
java_command: org.gradle.wrapper.GradleWrapperMain tasks
java_class_path (initial): E:\Ceiyone\android\\gradle\wrapper\gradle-wrapper.jar
Launcher Type: SUN_STANDARD

[Global flags]
     intx CICompilerCount                          = 3                                         {product} {ergonomic}
     uint ConcGCThreads                            = 1                                         {product} {ergonomic}
     uint G1ConcRefinementThreads                  = 4                                         {product} {ergonomic}
   size_t G1HeapRegionSize                         = 1048576                                   {product} {ergonomic}
    uintx GCDrainStackTargetSize                   = 64                                        {product} {ergonomic}
   size_t InitialHeapSize                          = 67108864                                  {product} {command line}
   size_t MarkStackSize                            = 4194304                                   {product} {ergonomic}
   size_t MaxHeapSize                              = 67108864                                  {product} {command line}
   size_t MaxNewSize                               = 39845888                                  {product} {ergonomic}
   size_t MinHeapDeltaBytes                        = 1048576                                   {product} {ergonomic}
   size_t MinHeapSize                              = 67108864                                  {product} {command line}
    uintx NonNMethodCodeHeapSize                   = 5832780                                {pd product} {ergonomic}
    uintx NonProfiledCodeHeapSize                  = 122912730                              {pd product} {ergonomic}
    uintx ProfiledCodeHeapSize                     = 122912730                              {pd product} {ergonomic}
    uintx ReservedCodeCacheSize                    = 251658240                              {pd product} {ergonomic}
     bool SegmentedCodeCache                       = true                                      {product} {ergonomic}
   size_t SoftMaxHeapSize                          = 67108864                               {manageable} {ergonomic}
     bool UseCompressedClassPointers               = true                           {product lp64_product} {ergonomic}
     bool UseCompressedOops                        = true                           {product lp64_product} {ergonomic}
     bool UseG1GC                                  = true                                      {product} {ergonomic}
     bool UseLargePagesIndividualAllocation        = false                                  {pd product} {ergonomic}

Logging:
Log output configuration:
 #0: stdout all=warning uptime,level,tags
 #1: stderr all=off uptime,level,tags

Environment Variables:
JAVA_HOME=C:\Program Files\OpenLogic\jre-17.0.8.7-hotspot\
CLASSPATH=E:\Ceiyone\android\\gradle\wrapper\gradle-wrapper.jar
PATH=E:\Ceiyone\node_modules\.bin;E:\Ceiyone\node_modules\.bin;E:\node_modules\.bin;C:\Users\hp\AppData\Roaming\npm\node_modules\npm\node_modules\@npmcli\run-script\lib\node-gyp-bin;E:\Ceiyone\node_modules\.bin;E:\node_modules\.bin;C:\Users\hp\AppData\Roaming\npm\node_modules\npm\node_modules\@npmcli\run-script\lib\node-gyp-bin;C:\Program Files\OpenLogic\jre-17.0.8.7-hotspot\bin;C:\Windows\system32;C:\Windows;C:\Windows\System32\Wbem;C:\Windows\System32\WindowsPowerShell\v1.0\;C:\Windows\System32\OpenSSH\;C:\Users\hp\AppData\Local\Android\Sdk;C:\Users\hp\AppData\Local\Android\Sdk\platform-tools;C:\Program Files\nodejs\;C:\Program Files\nodejs\;C:\Users\hp\AppData\Roming\npm;C:\Program Files\Git\cmd;C:\Users\hp\AppData\Local\Microsoft\WindowsApps;C:\Users\hp\AppData\Local\Android\Sdk\platform-tools;C:\Users\hp\AppData\Local\Android\Sdk\emulator;C:\Users\hp\AppData\Local\Android\Sdk\tools;C:\Users\hp\AppData\Local\Android\Sdk\tools\bin;C:\Users\hp\AppData\Local\Android\Sdk;C:\Users\hp\AppData\Roaming\npm;C:\Users\hp\AppData\Local\Programs\Microsoft VS Code\bin
USERNAME=hp
OS=Windows_NT
PROCESSOR_IDENTIFIER=Intel64 Family 6 Model 142 Stepping 9, GenuineIntel
TMP=C:\Users\hp\AppData\Local\Temp
TEMP=C:\Users\hp\AppData\Local\Temp



---------------  S Y S T E M  ---------------

OS:
 Windows 10 , 64 bit Build 19041 (10.0.19041.3636)
OS uptime: 0 days 0:30 hours

CPU: total 4 (initial active 4) (2 cores per cpu, 2 threads per core) family 6 model 142 stepping 9 microcode 0xf0, cx8, cmov, fxsr, ht, mmx, 3dnowpref, sse, sse2, sse3, ssse3, sse4.1, sse4.2, popcnt, lzcnt, tsc, tscinvbit, avx, avx2, aes, erms, clmul, bmi1, bmi2, adx, fma, vzeroupper, clflush, clflushopt
Processor Information for all 4 processors :
  Max Mhz: 2400, Current Mhz: 2400, Mhz Limit: 2400

Memory: 4k page, system-wide physical 12151M (219M free)
TotalPageFile size 41879M (AvailPageFile size 0M)
current process WorkingSet (physical memory assigned to process): 60M, peak: 60M
current process commit charge ("private bytes"): 139M, peak: 139M

vm_info: OpenJDK 64-Bit Server VM (17.0.8+7-adhoc..jdk17u) for windows-amd64 JRE (17.0.8+7-adhoc..jdk17u), built on Jul 19 2023 10:43:49 by "" with MS VC++ 16.10 / 16.11 (VS2019)

END.
